[companyC3] Meu lance no artefato cobj_2, Task SitePreparation, é 1900
[companyB] Meu lance no artefato cobj_2 é 1850
[companyC5] Meu lance no artefato cobj_2, Task SitePreparation, é 1900
[companyC2] Meu lance no artefato cobj_2, Task SitePreparation, é 1900
[companyC1] Meu lance no artefato cobj_2, Task SitePreparation, é 1900
[companyC1] Meu lance no artefato cobj_3, Task Floors, é 900
[companyB] Meu lance no artefato cobj_2 é 1700
[companyB] Meu lance no artefato cobj_2 é 1700
[companyB] Meu lance no artefato cobj_2 é 1700
[companyB] Meu lance no artefato cobj_2 é 1550
[companyB] Meu lance no artefato cobj_2 é 1550
[companyC5] Meu lance no artefato cobj_4, Task Floors, é 900
[companyC2] Meu lance no artefato cobj_4, Task Floors, é 900
[companyB] Meu lance no artefato cobj_2 é 1550
[companyB] Meu lance no artefato cobj_2 é 1500
[companyC3] Meu lance no artefato cobj_4, Task Floors, é 900
[companyB] Meu lance no artefato cobj_2 é 1500
[companyB] Meu lance no artefato cobj_2 é 1500
[companyE] Meu lance no artefato cobj_2, Task Floors, é 990
[companyE] Meu lance no artefato cobj_2, Task Floors, é 890
[companyC4] Meu lance no artefato cobj_4, Task Floors, é 900
[companyE] Meu lance no artefato cobj_2, Task Floors, é 890
[companyE] Meu lance no artefato cobj_2, Task Floors, é 890
[companyE] Meu lance no artefato cobj_2, Task Floors, é 890
[companyE] Meu lance no artefato cobj_2, Task Floors, é 880
[companyE] Meu lance no artefato cobj_2, Task Floors, é 880
[companyE] Meu lance no artefato cobj_2, Task Floors, é 880
[companyE] Meu lance no artefato cobj_2, Task Floors, é 880
[companyE] Meu lance no artefato cobj_2, Task Floors, é 870
[companyE] Meu lance no artefato cobj_2, Task Floors, é 870
[companyE] Meu lance no artefato cobj_2, Task Floors, é 870
[companyE] Meu lance no artefato cobj_2, Task Floors, é 870
[companyE] Meu lance no artefato cobj_2, Task Floors, é 860
[companyE] Meu lance no artefato cobj_2, Task Floors, é 860
[companyE] Meu lance no artefato cobj_2, Task Floors, é 860
[companyE] Meu lance no artefato cobj_2, Task Floors, é 860
[companyE] Meu lance no artefato cobj_2, Task Floors, é 850
[companyE] Meu lance no artefato cobj_2, Task Floors, é 850
[companyE] Meu lance no artefato cobj_2, Task Floors, é 850
[companyE] Meu lance no artefato cobj_2, Task Floors, é 850
[companyE] Meu lance no artefato cobj_2, Task Floors, é 840
[companyE] Meu lance no artefato cobj_2, Task Floors, é 840
[companyE] Meu lance no artefato cobj_2, Task Floors, é 840
[companyE] Meu lance no artefato cobj_2, Task Floors, é 840
[companyE] Meu lance no artefato cobj_2, Task Floors, é 830
[companyE] Meu lance no artefato cobj_2, Task Floors, é 830
[companyE] Meu lance no artefato cobj_2, Task Floors, é 830
[companyE] Meu lance no artefato cobj_2, Task Floors, é 830
[companyE] Meu lance no artefato cobj_2, Task Floors, é 820
[companyE] Meu lance no artefato cobj_2, Task Floors, é 820
[companyE] Meu lance no artefato cobj_2, Task Floors, é 820
[companyE] Meu lance no artefato cobj_2, Task Floors, é 820
[companyE] Meu lance no artefato cobj_2, Task Floors, é 810
[companyE] Meu lance no artefato cobj_2, Task Floors, é 810
[companyE] Meu lance no artefato cobj_2, Task Floors, é 810
[companyE] Meu lance no artefato cobj_2, Task Floors, é 810
[companyE] Meu lance no artefato cobj_2, Task Floors, é 800
[companyE] Meu lance no artefato cobj_2, Task Floors, é 800
[companyE] Meu lance no artefato cobj_2, Task Floors, é 800
[companyE] Meu lance no artefato cobj_2, Task Floors, é 800
[companyD11] Meu lance no artefato cobj_4 é 3104
[empreiteiraThiesen] Meu lance para a tarefa Plumbing é 490
[companyA] Meu lance no artefato cobj_2 é 300
[empreiteiraThiesen] Meu lance para a tarefa Plumbing é 480
[companyA] Meu lance no artefato cobj_2 é 300
[empreiteiraThiesen] Meu lance para a tarefa Plumbing é 290
[empreiteiraThiesen] Meu lance para a tarefa Plumbing é 290
[empreiteiraThiesen] Meu lance para a tarefa Plumbing é 290
[empreiteiraThiesen] Meu lance para a tarefa Plumbing é 280
[empreiteiraThiesen] Meu lance para a tarefa Plumbing é 280
[empreiteiraThiesen] Meu lance para a tarefa Plumbing é 280
[empreiteiraThiesen] Meu lance para a tarefa Plumbing é 270
[empreiteiraThiesen] Meu lance para a tarefa Plumbing é 270
[empreiteiraThiesen] Meu lance para a tarefa Plumbing é 270
[empreiteiraThiesen] Meu lance para a tarefa Plumbing é 260
[empreiteiraThiesen] Meu lance para a tarefa Plumbing é 260
[empreiteiraThiesen] Meu lance para a tarefa Plumbing é 260
[empreiteiraThiesen] Meu lance para a tarefa Plumbing é 250
[empreiteiraThiesen] Meu lance para a tarefa Plumbing é 250
[empreiteiraThiesen] Meu lance para a tarefa Plumbing é 250
[empreiteiraThiesen] Meu lance para a tarefa Plumbing é 240
[companyC1] Meu lance no artefato cobj_5, Task Walls, é 900
[empreiteiraThiesen] Meu lance para a tarefa Plumbing é 240
[empreiteiraThiesen] Meu lance para a tarefa Plumbing é 240
[companyC1] Meu lance no artefato cobj_6, Task Roof, é 1100
[empreiteiraThiesen] Meu lance para a tarefa Plumbing é 230
[companyC1] Meu lance no artefato cobj_7, Task WindowsDoors, é 2000
[empreiteiraThiesen] Meu lance para a tarefa Plumbing é 230
[empreiteiraThiesen] Meu lance para a tarefa Plumbing é 230
[empreiteiraThiesen] Meu lance para a tarefa Plumbing é 220
[empreiteiraThiesen] Meu lance para a tarefa Plumbing é 220
[empreiteiraThiesen] Meu lance para a tarefa Plumbing é 220
[empreiteiraThiesen] Meu lance para a tarefa Plumbing é 210
[empreiteiraThiesen] Meu lance para a tarefa Plumbing é 210
[empreiteiraThiesen] Meu lance para a tarefa Plumbing é 210
[empreiteiraThiesen] Meu lance para a tarefa Plumbing é 200
[empreiteiraThiesen] Meu lance para a tarefa Plumbing é 200
[companyC1] Meu lance no artefato cobj_9, Task ElectricalSystem, é 300
[empreiteiraThiesen] Meu lance para a tarefa Plumbing é 200
[empreiteiraThiesen] Meu lance para a tarefa Plumbing é 190
[empreiteiraThiesen] Meu lance para a tarefa Plumbing é 190
[empreiteiraThiesen] Meu lance para a tarefa Plumbing é 190
[empreiteiraThiesen] Meu lance para a tarefa Plumbing é 180
[empreiteiraThiesen] Meu lance para a tarefa Plumbing é 180
[companyC4] Meu lance no artefato cobj_6, Task Painting, é 1100
[companyC2] Meu lance no artefato cobj_10, Task Painting, é 1100
[companyD12] Meu lance no artefato cobj_3 é 1902
[empreiteiraThiesen] Meu lance para a tarefa Plumbing é 180
[empreiteiraThiesen] Meu lance para a tarefa Plumbing é 170
[empreiteiraThiesen] Meu lance para a tarefa Plumbing é 170
[empreiteiraThiesen] Meu lance para a tarefa Plumbing é 170
[empreiteiraThiesen] Meu lance para a tarefa Plumbing é 160
[empreiteiraThiesen] Meu lance para a tarefa Plumbing é 160
[companyE] Meu lance no artefato cobj_4, Task Roof, é 1090
[empreiteiraThiesen] Meu lance para a tarefa Plumbing é 160
[companyE] Meu lance no artefato cobj_5, Task Walls, é 890
[empreiteiraThiesen] Meu lance para a tarefa Plumbing é 150
[empreiteiraThiesen] Meu lance para a tarefa Plumbing é 150
[empreiteiraThiesen] Meu lance para a tarefa Plumbing é 150
[companyE] Meu lance no artefato cobj_4, Task Roof, é 1080
[empreiteiraThiesen] Meu lance para a tarefa Plumbing é 140
[empreiteiraThiesen] Meu lance para a tarefa Plumbing é 140
[empreiteiraThiesen] Meu lance para a tarefa Plumbing é 140
[companyD2] Meu lance no artefato cobj_5 é 7223
[companyE] Meu lance no artefato cobj_5, Task Walls, é 880
[companyE] Meu lance no artefato cobj_4, Task Roof, é 1070
[empreiteiraThiesen] Meu lance para a tarefa Plumbing é 130
[empreiteiraThiesen] Meu lance para a tarefa Plumbing é 130
[empreiteiraThiesen] Meu lance para a tarefa Plumbing é 130
[empreiteiraThiesen] Meu lance para a tarefa Plumbing é 120
[companyE] Meu lance no artefato cobj_5, Task Walls, é 880
[companyE] Meu lance no artefato cobj_5, Task Walls, é 870
[companyE] Meu lance no artefato cobj_4, Task Roof, é 1060
[empreiteiraThiesen] Meu lance para a tarefa Plumbing é 120
[empreiteiraThiesen] Meu lance para a tarefa Plumbing é 120
[companyE] Meu lance no artefato cobj_5, Task Walls, é 870
[empreiteiraThiesen] Meu lance para a tarefa Plumbing é 110
[companyE] Meu lance no artefato cobj_5, Task Walls, é 860
[companyE] Meu lance no artefato cobj_4, Task Roof, é 1050
[empreiteiraThiesen] Meu lance para a tarefa Plumbing é 110
[companyE] Meu lance no artefato cobj_5, Task Walls, é 860
[empreiteiraThiesen] Meu lance para a tarefa Plumbing é 110
[companyE] Meu lance no artefato cobj_5, Task Walls, é 850
[empreiteiraThiesen] Meu lance para a tarefa Plumbing é 100
[companyE] Meu lance no artefato cobj_4, Task Roof, é 1040
[companyE] Meu lance no artefato cobj_5, Task Walls, é 850
[companyE] Meu lance no artefato cobj_5, Task Walls, é 840
[empreiteiraThiesen] Meu lance para a tarefa Plumbing é 100
[empreiteiraThiesen] Meu lance para a tarefa Plumbing é 100
[companyD11] Meu lance no artefato cobj_5 é 4788
[companyE] Meu lance no artefato cobj_4, Task Roof, é 1030
[companyE] Meu lance no artefato cobj_5, Task Walls, é 840
[companyE] Meu lance no artefato cobj_5, Task Walls, é 830
[companyE] Meu lance no artefato cobj_5, Task Walls, é 830
[companyE] Meu lance no artefato cobj_4, Task Roof, é 1020
[companyE] Meu lance no artefato cobj_5, Task Walls, é 830
[companyE] Meu lance no artefato cobj_5, Task Walls, é 820
[companyD1] Meu lance no artefato cobj_4 é 2759
[companyD10] Meu lance no artefato cobj_6 é 9763
[companyD1] Meu lance no artefato cobj_2 é 10656
[companyE] Meu lance no artefato cobj_5, Task Walls, é 820
[companyE] Meu lance no artefato cobj_4, Task Roof, é 1010
[companyE] Meu lance no artefato cobj_4, Task Roof, é 1010
[companyE] Meu lance no artefato cobj_5, Task Walls, é 820
[companyE] Meu lance no artefato cobj_5, Task Walls, é 810
[companyE] Meu lance no artefato cobj_5, Task Walls, é 810
[companyE] Meu lance no artefato cobj_4, Task Roof, é 1000
[companyE] Meu lance no artefato cobj_5, Task Walls, é 810
[companyE] Meu lance no artefato cobj_4, Task Roof, é 1000
[companyE] Meu lance no artefato cobj_5, Task Walls, é 800
[companyD5] Meu lance no artefato cobj_2 é 9074
[companyD6] Meu lance no artefato cobj_8 é 7347
[companyD7] Meu lance no artefato cobj_6 é 7022
[companyE] Meu lance no artefato cobj_5, Task Walls, é 800
[companyE] Meu lance no artefato cobj_4, Task Roof, é 990
[companyE] Meu lance no artefato cobj_5, Task Walls, é 800
[companyE] Meu lance no artefato cobj_4, Task Roof, é 990
[companyE] Meu lance no artefato cobj_4, Task Roof, é 980
[companyE] Meu lance no artefato cobj_4, Task Roof, é 980
[companyE] Meu lance no artefato cobj_4, Task Roof, é 970
[companyE] Meu lance no artefato cobj_4, Task Roof, é 970
[companyD3] Meu lance no artefato cobj_2 é 8166
[companyE] Meu lance no artefato cobj_4, Task Roof, é 960
[companyE] Meu lance no artefato cobj_4, Task Roof, é 960
[companyE] Meu lance no artefato cobj_4, Task Roof, é 950
[companyE] Meu lance no artefato cobj_4, Task Roof, é 950
[companyE] Meu lance no artefato cobj_4, Task Roof, é 940
[companyE] Meu lance no artefato cobj_4, Task Roof, é 940
[companyE] Meu lance no artefato cobj_4, Task Roof, é 930
[companyE] Meu lance no artefato cobj_4, Task Roof, é 930
[companyE] Meu lance no artefato cobj_4, Task Roof, é 920
[companyE] Meu lance no artefato cobj_4, Task Roof, é 920
[companyE] Meu lance no artefato cobj_4, Task Roof, é 910
[companyE] Meu lance no artefato cobj_4, Task Roof, é 910
[companyE] Meu lance no artefato cobj_4, Task Roof, é 900
[companyE] Meu lance no artefato cobj_4, Task Roof, é 900
[companyE] Meu lance no artefato cobj_4, Task Roof, é 890
[companyE] Meu lance no artefato cobj_4, Task Roof, é 890
[companyE] Meu lance no artefato cobj_4, Task Roof, é 880
[companyE] Meu lance no artefato cobj_4, Task Roof, é 880
[companyD6] Meu lance no artefato cobj_7 é 10333
[companyD2] Meu lance no artefato cobj_10 é 7310
[companyE] Meu lance no artefato cobj_4, Task Roof, é 870
[companyE] Meu lance no artefato cobj_4, Task Roof, é 870
[companyE] Meu lance no artefato cobj_4, Task Roof, é 860
[companyE] Meu lance no artefato cobj_4, Task Roof, é 860
[companyE] Meu lance no artefato cobj_4, Task Roof, é 850
[companyE] Meu lance no artefato cobj_4, Task Roof, é 850
[companyE] Meu lance no artefato cobj_4, Task Roof, é 840
[companyE] Meu lance no artefato cobj_4, Task Roof, é 840
[companyE] Meu lance no artefato cobj_4, Task Roof, é 830
[companyE] Meu lance no artefato cobj_4, Task Roof, é 830
[companyE] Meu lance no artefato cobj_4, Task Roof, é 820
[companyD12] Meu lance no artefato cobj_10 é 7370
[companyE] Meu lance no artefato cobj_4, Task Roof, é 820
[companyE] Meu lance no artefato cobj_4, Task Roof, é 810
[companyE] Meu lance no artefato cobj_4, Task Roof, é 810
[companyE] Meu lance no artefato cobj_4, Task Roof, é 800
[companyE] Meu lance no artefato cobj_4, Task Roof, é 800
[companyD8] Meu lance no artefato cobj_10 é 7046
[companyD11] Meu lance no artefato cobj_8 é 7146
[companyD5] Meu lance no artefato cobj_8 é 2522
[companyD11] Meu lance no artefato cobj_2 é 923
[companyD9] Meu lance no artefato cobj_7 é 9401
[companyD8] Meu lance no artefato cobj_9 é 3626
[companyD12] Meu lance no artefato cobj_6 é 3800
[companyD5] Meu lance no artefato cobj_4 é 4984
[companyD7] Meu lance no artefato cobj_4 é 9961
[companyD8] Meu lance no artefato cobj_5 é 8262
[companyD7] Meu lance no artefato cobj_7 é 9632
[companyD5] Meu lance no artefato cobj_6 é 909
[companyD1] Meu lance no artefato cobj_5 é 8231
[companyD2] Meu lance no artefato cobj_4 é 3824
[companyD3] Meu lance no artefato cobj_4 é 2059
[companyD12] Meu lance no artefato cobj_2 é 4008
[companyD8] Meu lance no artefato cobj_8 é 1249
[companyD2] Meu lance no artefato cobj_2 é 3575
[companyD11] Meu lance no artefato cobj_6 é 1030
[companyD6] Meu lance no artefato cobj_10 é 8050
[companyD4] Meu lance no artefato cobj_4 é 10294
[companyD4] Meu lance no artefato cobj_2 é 7733
[companyD13] Meu lance no artefato cobj_2 é 2645
[companyD2] Meu lance no artefato cobj_6 é 8524
[companyD5] Meu lance no artefato cobj_10 é 7909
[companyD13] Meu lance no artefato cobj_10 é 888
[companyD11] Meu lance no artefato cobj_10 é 5268
[companyD4] Meu lance no artefato cobj_5 é 7145
[companyD10] Meu lance no artefato cobj_5 é 7523
[companyD1] Meu lance no artefato cobj_8 é 1848
[companyD6] Meu lance no artefato cobj_5 é 3213
[companyD12] Meu lance no artefato cobj_9 é 6167
[companyD9] Meu lance no artefato cobj_8 é 8987
[companyD2] Meu lance no artefato cobj_7 é 6660
[companyD5] Meu lance no artefato cobj_5 é 5847
[companyD10] Meu lance no artefato cobj_8 é 2010
[companyD6] Meu lance no artefato cobj_9 é 8233
[companyD13] Meu lance no artefato cobj_6 é 1962
[companyD11] Meu lance no artefato cobj_9 é 3944
[companyD7] Meu lance no artefato cobj_5 é 9016
[companyD9] Meu lance no artefato cobj_6 é 5660
[companyD13] Meu lance no artefato cobj_4 é 7999
[companyD7] Meu lance no artefato cobj_2 é 9720
[companyD12] Meu lance no artefato cobj_5 é 4858
[companyD8] Meu lance no artefato cobj_2 é 6227
[companyD6] Meu lance no artefato cobj_4 é 7711
[companyD4] Meu lance no artefato cobj_6 é 1189
[companyD7] Meu lance no artefato cobj_9 é 8325
[companyD2] Meu lance no artefato cobj_9 é 6318
[companyD6] Meu lance no artefato cobj_6 é 3015
[companyD5] Meu lance no artefato cobj_9 é 3073
[companyD12] Meu lance no artefato cobj_8 é 1582
[companyD4] Meu lance no artefato cobj_9 é 1039
[companyD7] Meu lance no artefato cobj_8 é 4330
[companyD3] Meu lance no artefato cobj_7 é 10356
[companyD4] Meu lance no artefato cobj_7 é 7313
[companyD1] Meu lance no artefato cobj_7 é 6239
[companyD10] Meu lance no artefato cobj_4 é 7695
[companyD10] Meu lance no artefato cobj_9 é 4022
[companyD8] Meu lance no artefato cobj_4 é 5273
[companyD10] Meu lance no artefato cobj_2 é 8207
[companyD1] Meu lance no artefato cobj_10 é 2357
[companyD6] Meu lance no artefato cobj_2 é 10697
[companyD13] Meu lance no artefato cobj_9 é 6713
[companyD9] Meu lance no artefato cobj_4 é 5481
[companyD9] Meu lance no artefato cobj_2 é 4729
[companyD12] Meu lance no artefato cobj_7 é 7528
[companyD1] Meu lance no artefato cobj_9 é 6279
[companyD10] Meu lance no artefato cobj_7 é 3030
[companyD10] Meu lance no artefato cobj_10 é 3601
[companyD9] Meu lance no artefato cobj_10 é 4462
[companyD3] Meu lance no artefato cobj_5 é 7711
[companyD13] Meu lance no artefato cobj_7 é 1661
[companyD2] Meu lance no artefato cobj_8 é 5537
[companyD9] Meu lance no artefato cobj_5 é 6138
[companyD3] Meu lance no artefato cobj_9 é 7052
[companyD4] Meu lance no artefato cobj_10 é 3412
[companyD13] Meu lance no artefato cobj_8 é 2814
[companyD1] Meu lance no artefato cobj_6 é 5912
[companyD3] Meu lance no artefato cobj_10 é 3087
[companyD4] Meu lance no artefato cobj_8 é 7413
[companyD11] Meu lance no artefato cobj_7 é 8135
[companyD5] Meu lance no artefato cobj_7 é 10768
[companyD7] Meu lance no artefato cobj_10 é 2675
[companyD13] Meu lance no artefato cobj_5 é 6038
[companyD9] Meu lance no artefato cobj_9 é 1577
[companyD8] Meu lance no artefato cobj_6 é 10488
[companyD3] Meu lance no artefato cobj_8 é 8095
[companyD3] Meu lance no artefato cobj_6 é 3429
[companyD8] Meu lance no artefato cobj_7 é 3059
