[companyC4] Meu lance no artefato cobj_2, Task SitePreparation, é 1900
[companyC1] Meu lance no artefato cobj_2, Task SitePreparation, é 1900
[companyB] Meu lance no artefato cobj_2 é 1850
[companyB] Meu lance no artefato cobj_2 é 1750
[companyB] Meu lance no artefato cobj_2 é 1700
[companyB] Meu lance no artefato cobj_2 é 1600
[companyB] Meu lance no artefato cobj_2 é 1550
[companyB] Meu lance no artefato cobj_2 é 1500
[companyB] Meu lance no artefato cobj_2 é 1500
[companyD4] Meu lance no artefato cobj_2 é 2127
[empreiteiraThiesen] Meu lance para a tarefa Plumbing é 490
[companyA] Meu lance no artefato cobj_2 é 300
[empreiteiraThiesen] Meu lance para a tarefa Plumbing é 480
[companyA] Meu lance no artefato cobj_2 é 300
[companyC2] Meu lance no artefato cobj_3, Task Floors, é 900
[empreiteiraThiesen] Meu lance para a tarefa Plumbing é 290
[empreiteiraThiesen] Meu lance para a tarefa Plumbing é 290
[empreiteiraThiesen] Meu lance para a tarefa Plumbing é 290
[empreiteiraThiesen] Meu lance para a tarefa Plumbing é 280
[empreiteiraThiesen] Meu lance para a tarefa Plumbing é 280
[companyE] Meu lance no artefato cobj_2, Task Walls, é 990
[companyE] Meu lance no artefato cobj_3, Task Floors, é 890
[empreiteiraThiesen] Meu lance para a tarefa Plumbing é 280
[empreiteiraThiesen] Meu lance para a tarefa Plumbing é 270
[companyC2] Meu lance no artefato cobj_5, Task Walls, é 900
[empreiteiraThiesen] Meu lance para a tarefa Plumbing é 270
[empreiteiraThiesen] Meu lance para a tarefa Plumbing é 270
[companyC5] Meu lance no artefato cobj_5, Task Walls, é 900
[companyE] Meu lance no artefato cobj_4, Task Roof, é 1990
[companyC1] Meu lance no artefato cobj_4, Task ElectricalSystem, é 300
[companyE] Meu lance no artefato cobj_2, Task Walls, é 980
[companyC3] Meu lance no artefato cobj_3, Task ElectricalSystem, é 300
[companyE] Meu lance no artefato cobj_3, Task Floors, é 880
[companyE] Meu lance no artefato cobj_2, Task Walls, é 890
[companyC3] Meu lance no artefato cobj_6, Task Painting, é 1100
[companyE] Meu lance no artefato cobj_2, Task Walls, é 890
[companyE] Meu lance no artefato cobj_4, Task Roof, é 1980
[companyE] Meu lance no artefato cobj_2, Task Walls, é 890
[companyE] Meu lance no artefato cobj_3, Task Floors, é 870
[companyC1] Meu lance no artefato cobj_5, Task Painting, é 1100
[companyE] Meu lance no artefato cobj_2, Task Walls, é 880
[companyC1] Meu lance no artefato cobj_7, Task WindowsDoors, é 2000
[companyC3] Meu lance no artefato cobj_7, Task WindowsDoors, é 2000
[companyE] Meu lance no artefato cobj_4, Task Roof, é 1970
[companyE] Meu lance no artefato cobj_2, Task Walls, é 880
[companyE] Meu lance no artefato cobj_3, Task Floors, é 860
[companyC3] Meu lance no artefato cobj_8, Task Roof, é 1100
[companyC1] Meu lance no artefato cobj_8, Task Roof, é 1100
[companyC4] Meu lance no artefato cobj_6, Task WindowsDoors, é 2000
[companyE] Meu lance no artefato cobj_2, Task Walls, é 880
[companyE] Meu lance no artefato cobj_2, Task Walls, é 870
[companyE] Meu lance no artefato cobj_4, Task Roof, é 1960
[companyE] Meu lance no artefato cobj_4, Task Roof, é 1090
[companyE] Meu lance no artefato cobj_2, Task Walls, é 870
[companyC1] Meu lance no artefato cobj_8, Task Roof, é 1100
[companyC3] Meu lance no artefato cobj_8, Task Roof, é 1100
[companyC4] Meu lance no artefato cobj_7, Task Roof, é 1100
[companyE] Meu lance no artefato cobj_4, Task Roof, é 1090
[empreiteiraThiesen] Meu lance para a tarefa Plumbing é 260
[empreiteiraThiesen] Meu lance para a tarefa Plumbing é 260
[empreiteiraThiesen] Meu lance para a tarefa Plumbing é 260
[companyC1] Meu lance no artefato cobj_8, Task Roof, é 1100
[companyE] Meu lance no artefato cobj_3, Task Floors, é 850
[companyE] Meu lance no artefato cobj_2, Task Walls, é 870
[companyC4] Meu lance no artefato cobj_7, Task Roof, é 1100
[companyE] Meu lance no artefato cobj_2, Task Walls, é 860
[companyE] Meu lance no artefato cobj_4, Task Roof, é 1090
[companyE] Meu lance no artefato cobj_4, Task Roof, é 1090
[companyE] Meu lance no artefato cobj_4, Task Roof, é 1090
[companyC3] Meu lance no artefato cobj_8, Task Roof, é 1100
[companyE] Meu lance no artefato cobj_4, Task Roof, é 1090
[companyE] Meu lance no artefato cobj_4, Task Roof, é 1090
[companyE] Meu lance no artefato cobj_4, Task Roof, é 1080
[companyE] Meu lance no artefato cobj_2, Task Walls, é 860
[companyE] Meu lance no artefato cobj_4, Task Roof, é 1080
[companyE] Meu lance no artefato cobj_4, Task Roof, é 1080
[companyE] Meu lance no artefato cobj_3, Task Floors, é 840
[empreiteiraThiesen] Meu lance para a tarefa Plumbing é 250
[companyC5] Meu lance no artefato cobj_6, Task Roof, é 1100
[empreiteiraThiesen] Meu lance para a tarefa Plumbing é 250
[empreiteiraThiesen] Meu lance para a tarefa Plumbing é 250
[empreiteiraThiesen] Meu lance para a tarefa Plumbing é 240
[companyE] Meu lance no artefato cobj_2, Task Walls, é 860
[companyE] Meu lance no artefato cobj_4, Task Roof, é 1080
[companyE] Meu lance no artefato cobj_4, Task Roof, é 1080
[companyE] Meu lance no artefato cobj_4, Task Roof, é 1080
[companyE] Meu lance no artefato cobj_4, Task Roof, é 1080
[companyE] Meu lance no artefato cobj_4, Task Roof, é 1080
[companyE] Meu lance no artefato cobj_2, Task Walls, é 850
[companyE] Meu lance no artefato cobj_4, Task Roof, é 1080
[empreiteiraThiesen] Meu lance para a tarefa Plumbing é 240
[empreiteiraThiesen] Meu lance para a tarefa Plumbing é 240
[empreiteiraThiesen] Meu lance para a tarefa Plumbing é 230
[companyE] Meu lance no artefato cobj_4, Task Roof, é 1070
[companyC2] Meu lance no artefato cobj_5, Task Walls, é 900
[companyE] Meu lance no artefato cobj_2, Task Walls, é 850
[companyE] Meu lance no artefato cobj_4, Task Roof, é 1070
[companyE] Meu lance no artefato cobj_4, Task Roof, é 1070
[companyE] Meu lance no artefato cobj_3, Task Floors, é 830
[companyE] Meu lance no artefato cobj_2, Task Walls, é 850
[companyE] Meu lance no artefato cobj_4, Task Roof, é 1070
[companyE] Meu lance no artefato cobj_4, Task Roof, é 1070
[empreiteiraThiesen] Meu lance para a tarefa Plumbing é 230
[companyD8] Meu lance no artefato cobj_2 é 9701
[companyE] Meu lance no artefato cobj_4, Task Roof, é 1070
[companyE] Meu lance no artefato cobj_4, Task Roof, é 1070
[companyE] Meu lance no artefato cobj_4, Task Roof, é 1070
[companyE] Meu lance no artefato cobj_2, Task Walls, é 840
[companyE] Meu lance no artefato cobj_4, Task Roof, é 1070
[companyE] Meu lance no artefato cobj_4, Task Roof, é 1070
[companyE] Meu lance no artefato cobj_4, Task Roof, é 1060
[companyE] Meu lance no artefato cobj_2, Task Walls, é 840
[companyD9] Meu lance no artefato cobj_2 é 10380
[companyC5] Meu lance no artefato cobj_8, Task WindowsDoors, é 2000
[empreiteiraThiesen] Meu lance para a tarefa Plumbing é 230
[empreiteiraThiesen] Meu lance para a tarefa Plumbing é 220
[empreiteiraThiesen] Meu lance para a tarefa Plumbing é 220
[companyE] Meu lance no artefato cobj_2, Task Walls, é 840
[empreiteiraThiesen] Meu lance para a tarefa Plumbing é 220
[empreiteiraThiesen] Meu lance para a tarefa Plumbing é 210
[empreiteiraThiesen] Meu lance para a tarefa Plumbing é 210
[companyD13] Meu lance no artefato cobj_3 é 6826
[empreiteiraThiesen] Meu lance para a tarefa Plumbing é 210
[empreiteiraThiesen] Meu lance para a tarefa Plumbing é 200
[empreiteiraThiesen] Meu lance para a tarefa Plumbing é 200
[companyC5] Meu lance no artefato cobj_9, Task ElectricalSystem, é 300
[companyD11] Meu lance no artefato cobj_2 é 9368
[empreiteiraThiesen] Meu lance para a tarefa Plumbing é 200
[empreiteiraThiesen] Meu lance para a tarefa Plumbing é 190
[companyE] Meu lance no artefato cobj_4, Task Roof, é 1060
[companyD3] Meu lance no artefato cobj_8 é 3006
[empreiteiraThiesen] Meu lance para a tarefa Plumbing é 190
[companyD12] Meu lance no artefato cobj_5 é 3354
[companyC5] Meu lance no artefato cobj_10, Task Painting, é 1100
[companyD3] Meu lance no artefato cobj_5 é 5696
[companyC5] Meu lance no artefato cobj_5, Task Walls, é 900
[companyD12] Meu lance no artefato cobj_6 é 3864
[companyE] Meu lance no artefato cobj_3, Task Floors, é 820
[empreiteiraThiesen] Meu lance para a tarefa Plumbing é 190
[companyE] Meu lance no artefato cobj_2, Task Walls, é 840
[companyC5] Meu lance no artefato cobj_6, Task Roof, é 1100
[companyE] Meu lance no artefato cobj_4, Task Roof, é 1060
[companyE] Meu lance no artefato cobj_4, Task Roof, é 1060
[companyE] Meu lance no artefato cobj_4, Task Roof, é 1060
[companyE] Meu lance no artefato cobj_4, Task Roof, é 1060
[empreiteiraThiesen] Meu lance para a tarefa Plumbing é 190
[companyC5] Meu lance no artefato cobj_6, Task Roof, é 1100
[companyC5] Meu lance no artefato cobj_6, Task Roof, é 1100
[companyE] Meu lance no artefato cobj_3, Task Floors, é 820
[empreiteiraThiesen] Meu lance para a tarefa Plumbing é 180
[companyE] Meu lance no artefato cobj_4, Task Roof, é 1060
[empreiteiraThiesen] Meu lance para a tarefa Plumbing é 180
[empreiteiraThiesen] Meu lance para a tarefa Plumbing é 180
[companyE] Meu lance no artefato cobj_4, Task Roof, é 1060
[empreiteiraThiesen] Meu lance para a tarefa Plumbing é 180
[companyE] Meu lance no artefato cobj_2, Task Walls, é 840
[companyE] Meu lance no artefato cobj_2, Task Walls, é 830
[companyD2] Meu lance no artefato cobj_8 é 6633
[companyE] Meu lance no artefato cobj_4, Task Roof, é 1060
[empreiteiraThiesen] Meu lance para a tarefa Plumbing é 180
[empreiteiraThiesen] Meu lance para a tarefa Plumbing é 170
[empreiteiraThiesen] Meu lance para a tarefa Plumbing é 170
[empreiteiraThiesen] Meu lance para a tarefa Plumbing é 170
[companyD2] Meu lance no artefato cobj_10 é 1731
[companyD9] Meu lance no artefato cobj_6 é 4505
[companyD5] Meu lance no artefato cobj_2 é 10159
[companyE] Meu lance no artefato cobj_4, Task Roof, é 1060
[empreiteiraThiesen] Meu lance para a tarefa Plumbing é 170
[companyD1] Meu lance no artefato cobj_4 é 3777
[companyE] Meu lance no artefato cobj_4, Task Roof, é 1050
[companyE] Meu lance no artefato cobj_2, Task Walls, é 830
[companyE] Meu lance no artefato cobj_2, Task Walls, é 830
[companyE] Meu lance no artefato cobj_4, Task Roof, é 1050
[empreiteiraThiesen] Meu lance para a tarefa Plumbing é 170
[companyE] Meu lance no artefato cobj_4, Task Roof, é 1050
[companyE] Meu lance no artefato cobj_4, Task Roof, é 1050
[companyE] Meu lance no artefato cobj_3, Task Floors, é 820
[companyE] Meu lance no artefato cobj_4, Task Roof, é 1050
[companyE] Meu lance no artefato cobj_3, Task Floors, é 810
[companyE] Meu lance no artefato cobj_4, Task Roof, é 1050
[companyE] Meu lance no artefato cobj_2, Task Walls, é 830
[companyE] Meu lance no artefato cobj_4, Task Roof, é 1050
[companyD2] Meu lance no artefato cobj_7 é 3497
[companyE] Meu lance no artefato cobj_4, Task Roof, é 1050
[companyD3] Meu lance no artefato cobj_4 é 7686
[empreiteiraThiesen] Meu lance para a tarefa Plumbing é 170
[companyE] Meu lance no artefato cobj_2, Task Walls, é 830
[companyD12] Meu lance no artefato cobj_7 é 1412
[companyD7] Meu lance no artefato cobj_7 é 7260
[companyD10] Meu lance no artefato cobj_7 é 7412
[companyD11] Meu lance no artefato cobj_10 é 2813
[companyD11] Meu lance no artefato cobj_8 é 8391
[companyE] Meu lance no artefato cobj_4, Task Roof, é 1050
[companyE] Meu lance no artefato cobj_4, Task Roof, é 1050
[companyE] Meu lance no artefato cobj_4, Task Roof, é 1050
[companyE] Meu lance no artefato cobj_3, Task Floors, é 810
[empreiteiraThiesen] Meu lance para a tarefa Plumbing é 160
[empreiteiraThiesen] Meu lance para a tarefa Plumbing é 160
[companyD6] Meu lance no artefato cobj_5 é 4105
[companyE] Meu lance no artefato cobj_4, Task Roof, é 1050
[companyE] Meu lance no artefato cobj_4, Task Roof, é 1050
[companyE] Meu lance no artefato cobj_2, Task Walls, é 830
[companyE] Meu lance no artefato cobj_2, Task Walls, é 820
[companyE] Meu lance no artefato cobj_4, Task Roof, é 1050
[companyE] Meu lance no artefato cobj_4, Task Roof, é 1050
[companyE] Meu lance no artefato cobj_3, Task Floors, é 810
[companyD13] Meu lance no artefato cobj_7 é 4211
[companyE] Meu lance no artefato cobj_4, Task Roof, é 1040
[companyE] Meu lance no artefato cobj_2, Task Walls, é 820
[empreiteiraThiesen] Meu lance para a tarefa Plumbing é 160
[companyE] Meu lance no artefato cobj_2, Task Walls, é 820
[empreiteiraThiesen] Meu lance para a tarefa Plumbing é 160
[companyE] Meu lance no artefato cobj_2, Task Walls, é 820
[companyD3] Meu lance no artefato cobj_6 é 5345
[companyD9] Meu lance no artefato cobj_7 é 10431
[companyD4] Meu lance no artefato cobj_4 é 5142
[companyD10] Meu lance no artefato cobj_8 é 10207
[companyD11] Meu lance no artefato cobj_5 é 3501
[companyD2] Meu lance no artefato cobj_5 é 8449
[empreiteiraThiesen] Meu lance para a tarefa Plumbing é 160
[empreiteiraThiesen] Meu lance para a tarefa Plumbing é 160
[empreiteiraThiesen] Meu lance para a tarefa Plumbing é 150
[companyE] Meu lance no artefato cobj_4, Task Roof, é 1040
[empreiteiraThiesen] Meu lance para a tarefa Plumbing é 150
[empreiteiraThiesen] Meu lance para a tarefa Plumbing é 150
[empreiteiraThiesen] Meu lance para a tarefa Plumbing é 150
[empreiteiraThiesen] Meu lance para a tarefa Plumbing é 150
[companyD11] Meu lance no artefato cobj_7 é 7618
[empreiteiraThiesen] Meu lance para a tarefa Plumbing é 150
[empreiteiraThiesen] Meu lance para a tarefa Plumbing é 150
[empreiteiraThiesen] Meu lance para a tarefa Plumbing é 150
[empreiteiraThiesen] Meu lance para a tarefa Plumbing é 140
[companyE] Meu lance no artefato cobj_4, Task Roof, é 1040
[empreiteiraThiesen] Meu lance para a tarefa Plumbing é 140
[companyE] Meu lance no artefato cobj_4, Task Roof, é 1040
[companyE] Meu lance no artefato cobj_3, Task Floors, é 810
[companyD4] Meu lance no artefato cobj_6 é 1526
[companyE] Meu lance no artefato cobj_4, Task Roof, é 1040
[companyE] Meu lance no artefato cobj_3, Task Floors, é 800
[companyE] Meu lance no artefato cobj_4, Task Roof, é 1040
[companyE] Meu lance no artefato cobj_2, Task Walls, é 820
[companyE] Meu lance no artefato cobj_4, Task Roof, é 1040
[companyE] Meu lance no artefato cobj_4, Task Roof, é 1040
[empreiteiraThiesen] Meu lance para a tarefa Plumbing é 140
[empreiteiraThiesen] Meu lance para a tarefa Plumbing é 140
[companyD7] Meu lance no artefato cobj_6 é 5550
[companyE] Meu lance no artefato cobj_2, Task Walls, é 820
[companyD7] Meu lance no artefato cobj_8 é 4317
[companyD3] Meu lance no artefato cobj_9 é 10495
[empreiteiraThiesen] Meu lance para a tarefa Plumbing é 140
[companyE] Meu lance no artefato cobj_4, Task Roof, é 1040
[companyD5] Meu lance no artefato cobj_10 é 4673
[empreiteiraThiesen] Meu lance para a tarefa Plumbing é 140
[empreiteiraThiesen] Meu lance para a tarefa Plumbing é 140
[empreiteiraThiesen] Meu lance para a tarefa Plumbing é 130
[empreiteiraThiesen] Meu lance para a tarefa Plumbing é 130
[empreiteiraThiesen] Meu lance para a tarefa Plumbing é 130
[empreiteiraThiesen] Meu lance para a tarefa Plumbing é 130
[empreiteiraThiesen] Meu lance para a tarefa Plumbing é 130
[empreiteiraThiesen] Meu lance para a tarefa Plumbing é 130
[empreiteiraThiesen] Meu lance para a tarefa Plumbing é 130
[empreiteiraThiesen] Meu lance para a tarefa Plumbing é 130
[empreiteiraThiesen] Meu lance para a tarefa Plumbing é 130
[empreiteiraThiesen] Meu lance para a tarefa Plumbing é 120
[empreiteiraThiesen] Meu lance para a tarefa Plumbing é 120
[empreiteiraThiesen] Meu lance para a tarefa Plumbing é 120
[empreiteiraThiesen] Meu lance para a tarefa Plumbing é 120
[companyD6] Meu lance no artefato cobj_9 é 6550
[empreiteiraThiesen] Meu lance para a tarefa Plumbing é 120
[empreiteiraThiesen] Meu lance para a tarefa Plumbing é 120
[empreiteiraThiesen] Meu lance para a tarefa Plumbing é 120
[empreiteiraThiesen] Meu lance para a tarefa Plumbing é 120
[companyE] Meu lance no artefato cobj_4, Task Roof, é 1040
[companyD1] Meu lance no artefato cobj_6 é 8197
[empreiteiraThiesen] Meu lance para a tarefa Plumbing é 120
[companyE] Meu lance no artefato cobj_4, Task Roof, é 1040
[companyE] Meu lance no artefato cobj_2, Task Walls, é 820
[companyE] Meu lance no artefato cobj_2, Task Walls, é 820
[empreiteiraThiesen] Meu lance para a tarefa Plumbing é 110
[companyE] Meu lance no artefato cobj_2, Task Walls, é 820
[empreiteiraThiesen] Meu lance para a tarefa Plumbing é 110
[companyE] Meu lance no artefato cobj_2, Task Walls, é 820
[companyE] Meu lance no artefato cobj_3, Task Floors, é 800
[empreiteiraThiesen] Meu lance para a tarefa Plumbing é 110
[empreiteiraThiesen] Meu lance para a tarefa Plumbing é 110
[empreiteiraThiesen] Meu lance para a tarefa Plumbing é 110
[companyD2] Meu lance no artefato cobj_9 é 4525
[companyD8] Meu lance no artefato cobj_9 é 3647
[empreiteiraThiesen] Meu lance para a tarefa Plumbing é 110
[empreiteiraThiesen] Meu lance para a tarefa Plumbing é 110
[companyE] Meu lance no artefato cobj_4, Task Roof, é 1040
[companyE] Meu lance no artefato cobj_4, Task Roof, é 1040
[empreiteiraThiesen] Meu lance para a tarefa Plumbing é 110
[companyE] Meu lance no artefato cobj_2, Task Walls, é 820
[empreiteiraThiesen] Meu lance para a tarefa Plumbing é 110
[companyE] Meu lance no artefato cobj_2, Task Walls, é 810
[empreiteiraThiesen] Meu lance para a tarefa Plumbing é 100
[companyE] Meu lance no artefato cobj_4, Task Roof, é 1040
[empreiteiraThiesen] Meu lance para a tarefa Plumbing é 100
[companyE] Meu lance no artefato cobj_4, Task Roof, é 1040
[empreiteiraThiesen] Meu lance para a tarefa Plumbing é 100
[companyE] Meu lance no artefato cobj_3, Task Floors, é 800
[empreiteiraThiesen] Meu lance para a tarefa Plumbing é 100
[empreiteiraThiesen] Meu lance para a tarefa Plumbing é 100
[empreiteiraThiesen] Meu lance para a tarefa Plumbing é 100
[empreiteiraThiesen] Meu lance para a tarefa Plumbing é 100
[empreiteiraThiesen] Meu lance para a tarefa Plumbing é 100
[companyE] Meu lance no artefato cobj_4, Task Roof, é 1030
[empreiteiraThiesen] Meu lance para a tarefa Plumbing é 100
[companyE] Meu lance no artefato cobj_2, Task Walls, é 810
[companyE] Meu lance no artefato cobj_4, Task Roof, é 1030
[companyE] Meu lance no artefato cobj_2, Task Walls, é 810
[companyE] Meu lance no artefato cobj_4, Task Roof, é 1030
[companyE] Meu lance no artefato cobj_2, Task Walls, é 810
[companyE] Meu lance no artefato cobj_2, Task Walls, é 810
[companyE] Meu lance no artefato cobj_4, Task Roof, é 1030
[companyE] Meu lance no artefato cobj_4, Task Roof, é 1030
[companyE] Meu lance no artefato cobj_4, Task Roof, é 1030
[companyE] Meu lance no artefato cobj_3, Task Floors, é 800
[companyE] Meu lance no artefato cobj_4, Task Roof, é 1030
[companyE] Meu lance no artefato cobj_4, Task Roof, é 1030
[companyE] Meu lance no artefato cobj_2, Task Walls, é 810
[companyE] Meu lance no artefato cobj_2, Task Walls, é 810
[companyE] Meu lance no artefato cobj_4, Task Roof, é 1030
[companyE] Meu lance no artefato cobj_4, Task Roof, é 1030
[companyE] Meu lance no artefato cobj_2, Task Walls, é 810
[companyE] Meu lance no artefato cobj_4, Task Roof, é 1030
[companyE] Meu lance no artefato cobj_4, Task Roof, é 1030
[companyE] Meu lance no artefato cobj_4, Task Roof, é 1030
[companyE] Meu lance no artefato cobj_2, Task Walls, é 810
[companyE] Meu lance no artefato cobj_2, Task Walls, é 810
[companyE] Meu lance no artefato cobj_2, Task Walls, é 810
[companyD2] Meu lance no artefato cobj_4 é 8266
[companyE] Meu lance no artefato cobj_2, Task Walls, é 810
[companyD8] Meu lance no artefato cobj_7 é 5067
[companyD9] Meu lance no artefato cobj_8 é 4126
[companyD6] Meu lance no artefato cobj_2 é 9409
[companyD10] Meu lance no artefato cobj_2 é 6163
[companyD2] Meu lance no artefato cobj_2 é 10353
[companyD9] Meu lance no artefato cobj_5 é 4266
[companyE] Meu lance no artefato cobj_4, Task Roof, é 1030
[companyE] Meu lance no artefato cobj_4, Task Roof, é 1030
[companyE] Meu lance no artefato cobj_2, Task Walls, é 810
[companyE] Meu lance no artefato cobj_2, Task Walls, é 800
[companyE] Meu lance no artefato cobj_4, Task Roof, é 1030
[companyE] Meu lance no artefato cobj_4, Task Roof, é 1030
[companyE] Meu lance no artefato cobj_4, Task Roof, é 1020
[companyE] Meu lance no artefato cobj_2, Task Walls, é 800
[companyE] Meu lance no artefato cobj_4, Task Roof, é 1020
[companyE] Meu lance no artefato cobj_2, Task Walls, é 800
[companyE] Meu lance no artefato cobj_4, Task Roof, é 1020
[companyE] Meu lance no artefato cobj_2, Task Walls, é 800
[companyE] Meu lance no artefato cobj_2, Task Walls, é 800
[companyE] Meu lance no artefato cobj_4, Task Roof, é 1020
[companyE] Meu lance no artefato cobj_4, Task Roof, é 1020
[companyE] Meu lance no artefato cobj_4, Task Roof, é 1020
[companyE] Meu lance no artefato cobj_4, Task Roof, é 1020
[companyE] Meu lance no artefato cobj_4, Task Roof, é 1020
[companyE] Meu lance no artefato cobj_2, Task Walls, é 800
[companyD7] Meu lance no artefato cobj_9 é 6431
[companyE] Meu lance no artefato cobj_2, Task Walls, é 800
[companyD7] Meu lance no artefato cobj_2 é 6858
[companyE] Meu lance no artefato cobj_4, Task Roof, é 1020
[companyE] Meu lance no artefato cobj_4, Task Roof, é 1020
[companyE] Meu lance no artefato cobj_2, Task Walls, é 800
[companyE] Meu lance no artefato cobj_4, Task Roof, é 1020
[companyE] Meu lance no artefato cobj_4, Task Roof, é 1020
[companyE] Meu lance no artefato cobj_4, Task Roof, é 1020
[companyE] Meu lance no artefato cobj_2, Task Walls, é 800
[companyE] Meu lance no artefato cobj_2, Task Walls, é 800
[companyE] Meu lance no artefato cobj_2, Task Walls, é 800
[companyD6] Meu lance no artefato cobj_4 é 3445
[companyD1] Meu lance no artefato cobj_9 é 5044
[companyE] Meu lance no artefato cobj_2, Task Walls, é 800
[companyE] Meu lance no artefato cobj_4, Task Roof, é 1020
[companyE] Meu lance no artefato cobj_2, Task Walls, é 800
[companyE] Meu lance no artefato cobj_4, Task Roof, é 1020
[companyE] Meu lance no artefato cobj_4, Task Roof, é 1020
[companyE] Meu lance no artefato cobj_4, Task Roof, é 1020
[companyD7] Meu lance no artefato cobj_5 é 9440
[companyD9] Meu lance no artefato cobj_10 é 1561
[companyD8] Meu lance no artefato cobj_10 é 872
[companyE] Meu lance no artefato cobj_4, Task Roof, é 1010
[companyE] Meu lance no artefato cobj_4, Task Roof, é 1010
[companyE] Meu lance no artefato cobj_4, Task Roof, é 1010
[companyD4] Meu lance no artefato cobj_8 é 8978
[companyD13] Meu lance no artefato cobj_2 é 1777
[companyD12] Meu lance no artefato cobj_10 é 3352
[companyD13] Meu lance no artefato cobj_8 é 1108
[companyE] Meu lance no artefato cobj_4, Task Roof, é 1010
[companyD10] Meu lance no artefato cobj_3 é 2130
[companyD6] Meu lance no artefato cobj_6 é 5873
[companyE] Meu lance no artefato cobj_4, Task Roof, é 1010
[companyD13] Meu lance no artefato cobj_10 é 8600
[companyD5] Meu lance no artefato cobj_4 é 6257
[companyD12] Meu lance no artefato cobj_4 é 1424
[companyD12] Meu lance no artefato cobj_9 é 7297
[companyD3] Meu lance no artefato cobj_2 é 1527
[companyE] Meu lance no artefato cobj_4, Task Roof, é 1010
[companyD4] Meu lance no artefato cobj_7 é 6275
[companyE] Meu lance no artefato cobj_4, Task Roof, é 1010
[companyE] Meu lance no artefato cobj_4, Task Roof, é 1010
[companyE] Meu lance no artefato cobj_4, Task Roof, é 1010
[companyE] Meu lance no artefato cobj_4, Task Roof, é 1010
[companyE] Meu lance no artefato cobj_4, Task Roof, é 1010
[companyE] Meu lance no artefato cobj_4, Task Roof, é 1010
[companyE] Meu lance no artefato cobj_4, Task Roof, é 1010
[companyE] Meu lance no artefato cobj_4, Task Roof, é 1010
[companyE] Meu lance no artefato cobj_4, Task Roof, é 1010
[companyE] Meu lance no artefato cobj_4, Task Roof, é 1010
[companyE] Meu lance no artefato cobj_4, Task Roof, é 1010
[companyE] Meu lance no artefato cobj_4, Task Roof, é 1000
[companyE] Meu lance no artefato cobj_4, Task Roof, é 1000
[companyE] Meu lance no artefato cobj_4, Task Roof, é 1000
[companyE] Meu lance no artefato cobj_4, Task Roof, é 1000
[companyE] Meu lance no artefato cobj_4, Task Roof, é 1000
[companyE] Meu lance no artefato cobj_4, Task Roof, é 1000
[companyE] Meu lance no artefato cobj_4, Task Roof, é 1000
[companyD1] Meu lance no artefato cobj_8 é 3442
[companyD5] Meu lance no artefato cobj_5 é 1610
[companyD10] Meu lance no artefato cobj_10 é 6293
[companyD6] Meu lance no artefato cobj_8 é 930
[companyE] Meu lance no artefato cobj_4, Task Roof, é 1000
[companyE] Meu lance no artefato cobj_4, Task Roof, é 1000
[companyD3] Meu lance no artefato cobj_10 é 8587
[companyE] Meu lance no artefato cobj_4, Task Roof, é 1000
[companyD11] Meu lance no artefato cobj_4 é 3061
[companyD10] Meu lance no artefato cobj_5 é 10407
[companyE] Meu lance no artefato cobj_4, Task Roof, é 1000
[companyE] Meu lance no artefato cobj_4, Task Roof, é 1000
[companyE] Meu lance no artefato cobj_4, Task Roof, é 1000
[companyD2] Meu lance no artefato cobj_6 é 6559
[companyE] Meu lance no artefato cobj_4, Task Roof, é 1000
[companyE] Meu lance no artefato cobj_4, Task Roof, é 1000
[companyE] Meu lance no artefato cobj_4, Task Roof, é 1000
[companyE] Meu lance no artefato cobj_4, Task Roof, é 1000
[companyE] Meu lance no artefato cobj_4, Task Roof, é 990
[companyE] Meu lance no artefato cobj_4, Task Roof, é 990
[companyE] Meu lance no artefato cobj_4, Task Roof, é 990
[companyE] Meu lance no artefato cobj_4, Task Roof, é 990
[companyE] Meu lance no artefato cobj_4, Task Roof, é 990
[companyE] Meu lance no artefato cobj_4, Task Roof, é 990
[companyE] Meu lance no artefato cobj_4, Task Roof, é 990
[companyE] Meu lance no artefato cobj_4, Task Roof, é 920
[companyE] Meu lance no artefato cobj_4, Task Roof, é 920
[companyE] Meu lance no artefato cobj_4, Task Roof, é 920
[companyE] Meu lance no artefato cobj_4, Task Roof, é 920
[companyE] Meu lance no artefato cobj_4, Task Roof, é 920
[companyE] Meu lance no artefato cobj_4, Task Roof, é 920
[companyE] Meu lance no artefato cobj_4, Task Roof, é 920
[companyE] Meu lance no artefato cobj_4, Task Roof, é 920
[companyD5] Meu lance no artefato cobj_7 é 9300
[companyD5] Meu lance no artefato cobj_6 é 2083
[companyD1] Meu lance no artefato cobj_7 é 5500
[companyE] Meu lance no artefato cobj_4, Task Roof, é 920
[companyE] Meu lance no artefato cobj_4, Task Roof, é 920
[companyD13] Meu lance no artefato cobj_9 é 8911
[companyD4] Meu lance no artefato cobj_5 é 10323
[companyD8] Meu lance no artefato cobj_4 é 6932
[companyD12] Meu lance no artefato cobj_2 é 1923
[companyD7] Meu lance no artefato cobj_4 é 4552
[companyD1] Meu lance no artefato cobj_10 é 4260
[companyE] Meu lance no artefato cobj_4, Task Roof, é 920
[companyE] Meu lance no artefato cobj_4, Task Roof, é 920
[companyE] Meu lance no artefato cobj_4, Task Roof, é 920
[companyE] Meu lance no artefato cobj_4, Task Roof, é 920
[companyE] Meu lance no artefato cobj_4, Task Roof, é 920
[companyE] Meu lance no artefato cobj_4, Task Roof, é 920
[companyE] Meu lance no artefato cobj_4, Task Roof, é 920
[companyE] Meu lance no artefato cobj_4, Task Roof, é 920
[companyE] Meu lance no artefato cobj_4, Task Roof, é 920
[companyE] Meu lance no artefato cobj_4, Task Roof, é 920
[companyE] Meu lance no artefato cobj_4, Task Roof, é 920
[companyE] Meu lance no artefato cobj_4, Task Roof, é 910
[companyE] Meu lance no artefato cobj_4, Task Roof, é 910
[companyE] Meu lance no artefato cobj_4, Task Roof, é 910
[companyE] Meu lance no artefato cobj_4, Task Roof, é 910
[companyE] Meu lance no artefato cobj_4, Task Roof, é 910
[companyE] Meu lance no artefato cobj_4, Task Roof, é 910
[companyE] Meu lance no artefato cobj_4, Task Roof, é 910
[companyE] Meu lance no artefato cobj_4, Task Roof, é 910
[companyE] Meu lance no artefato cobj_4, Task Roof, é 910
[companyE] Meu lance no artefato cobj_4, Task Roof, é 910
[companyE] Meu lance no artefato cobj_4, Task Roof, é 910
[companyE] Meu lance no artefato cobj_4, Task Roof, é 910
[companyD8] Meu lance no artefato cobj_5 é 10462
[companyE] Meu lance no artefato cobj_4, Task Roof, é 910
[companyD12] Meu lance no artefato cobj_8 é 8457
[companyD8] Meu lance no artefato cobj_8 é 7786
[companyD5] Meu lance no artefato cobj_8 é 2248
[companyD10] Meu lance no artefato cobj_4 é 6100
[companyE] Meu lance no artefato cobj_4, Task Roof, é 910
[companyD4] Meu lance no artefato cobj_10 é 8978
[companyD11] Meu lance no artefato cobj_6 é 6765
[companyE] Meu lance no artefato cobj_4, Task Roof, é 910
[companyE] Meu lance no artefato cobj_4, Task Roof, é 910
[companyE] Meu lance no artefato cobj_4, Task Roof, é 910
[companyE] Meu lance no artefato cobj_4, Task Roof, é 910
[companyE] Meu lance no artefato cobj_4, Task Roof, é 910
[companyE] Meu lance no artefato cobj_4, Task Roof, é 910
[companyE] Meu lance no artefato cobj_4, Task Roof, é 910
[companyE] Meu lance no artefato cobj_4, Task Roof, é 910
[companyE] Meu lance no artefato cobj_4, Task Roof, é 910
[companyE] Meu lance no artefato cobj_4, Task Roof, é 900
[companyE] Meu lance no artefato cobj_4, Task Roof, é 900
[companyE] Meu lance no artefato cobj_4, Task Roof, é 900
[companyE] Meu lance no artefato cobj_4, Task Roof, é 900
[companyE] Meu lance no artefato cobj_4, Task Roof, é 900
[companyE] Meu lance no artefato cobj_4, Task Roof, é 900
[companyE] Meu lance no artefato cobj_4, Task Roof, é 900
[companyE] Meu lance no artefato cobj_4, Task Roof, é 900
[companyE] Meu lance no artefato cobj_4, Task Roof, é 900
[companyE] Meu lance no artefato cobj_4, Task Roof, é 900
[companyE] Meu lance no artefato cobj_4, Task Roof, é 900
[companyE] Meu lance no artefato cobj_4, Task Roof, é 900
[companyE] Meu lance no artefato cobj_4, Task Roof, é 900
[companyE] Meu lance no artefato cobj_4, Task Roof, é 900
[companyE] Meu lance no artefato cobj_4, Task Roof, é 900
[companyE] Meu lance no artefato cobj_4, Task Roof, é 900
[companyE] Meu lance no artefato cobj_4, Task Roof, é 900
[companyE] Meu lance no artefato cobj_4, Task Roof, é 900
[companyE] Meu lance no artefato cobj_4, Task Roof, é 900
[companyE] Meu lance no artefato cobj_4, Task Roof, é 900
[companyE] Meu lance no artefato cobj_4, Task Roof, é 900
[companyE] Meu lance no artefato cobj_4, Task Roof, é 900
[companyE] Meu lance no artefato cobj_4, Task Roof, é 900
[companyE] Meu lance no artefato cobj_4, Task Roof, é 900
[companyE] Meu lance no artefato cobj_4, Task Roof, é 900
[companyE] Meu lance no artefato cobj_4, Task Roof, é 890
[companyE] Meu lance no artefato cobj_4, Task Roof, é 890
[companyE] Meu lance no artefato cobj_4, Task Roof, é 890
[companyE] Meu lance no artefato cobj_4, Task Roof, é 890
[companyE] Meu lance no artefato cobj_4, Task Roof, é 890
[companyE] Meu lance no artefato cobj_4, Task Roof, é 890
[companyE] Meu lance no artefato cobj_4, Task Roof, é 890
[companyE] Meu lance no artefato cobj_4, Task Roof, é 890
[companyE] Meu lance no artefato cobj_4, Task Roof, é 890
[companyE] Meu lance no artefato cobj_4, Task Roof, é 890
[companyE] Meu lance no artefato cobj_4, Task Roof, é 890
[companyE] Meu lance no artefato cobj_4, Task Roof, é 890
[companyE] Meu lance no artefato cobj_4, Task Roof, é 890
[companyE] Meu lance no artefato cobj_4, Task Roof, é 890
[companyE] Meu lance no artefato cobj_4, Task Roof, é 890
[companyE] Meu lance no artefato cobj_4, Task Roof, é 890
[companyE] Meu lance no artefato cobj_4, Task Roof, é 890
[companyE] Meu lance no artefato cobj_4, Task Roof, é 890
[companyE] Meu lance no artefato cobj_4, Task Roof, é 890
[companyE] Meu lance no artefato cobj_4, Task Roof, é 890
[companyE] Meu lance no artefato cobj_4, Task Roof, é 890
[companyE] Meu lance no artefato cobj_4, Task Roof, é 890
[companyE] Meu lance no artefato cobj_4, Task Roof, é 890
[companyE] Meu lance no artefato cobj_4, Task Roof, é 890
[companyE] Meu lance no artefato cobj_4, Task Roof, é 890
[companyE] Meu lance no artefato cobj_4, Task Roof, é 880
[companyE] Meu lance no artefato cobj_4, Task Roof, é 880
[companyE] Meu lance no artefato cobj_4, Task Roof, é 880
[companyE] Meu lance no artefato cobj_4, Task Roof, é 880
[companyE] Meu lance no artefato cobj_4, Task Roof, é 880
[companyE] Meu lance no artefato cobj_4, Task Roof, é 880
[companyE] Meu lance no artefato cobj_4, Task Roof, é 880
[companyE] Meu lance no artefato cobj_4, Task Roof, é 880
[companyE] Meu lance no artefato cobj_4, Task Roof, é 880
[companyE] Meu lance no artefato cobj_4, Task Roof, é 880
[companyE] Meu lance no artefato cobj_4, Task Roof, é 880
[companyE] Meu lance no artefato cobj_4, Task Roof, é 880
[companyE] Meu lance no artefato cobj_4, Task Roof, é 880
[companyE] Meu lance no artefato cobj_4, Task Roof, é 880
[companyE] Meu lance no artefato cobj_4, Task Roof, é 880
[companyE] Meu lance no artefato cobj_4, Task Roof, é 880
[companyE] Meu lance no artefato cobj_4, Task Roof, é 880
[companyE] Meu lance no artefato cobj_4, Task Roof, é 880
[companyE] Meu lance no artefato cobj_4, Task Roof, é 880
[companyE] Meu lance no artefato cobj_4, Task Roof, é 880
[companyE] Meu lance no artefato cobj_4, Task Roof, é 880
[companyE] Meu lance no artefato cobj_4, Task Roof, é 880
[companyE] Meu lance no artefato cobj_4, Task Roof, é 880
[companyE] Meu lance no artefato cobj_4, Task Roof, é 880
[companyE] Meu lance no artefato cobj_4, Task Roof, é 880
[companyE] Meu lance no artefato cobj_4, Task Roof, é 870
[companyE] Meu lance no artefato cobj_4, Task Roof, é 870
[companyE] Meu lance no artefato cobj_4, Task Roof, é 870
[companyE] Meu lance no artefato cobj_4, Task Roof, é 870
[companyE] Meu lance no artefato cobj_4, Task Roof, é 870
[companyE] Meu lance no artefato cobj_4, Task Roof, é 870
[companyE] Meu lance no artefato cobj_4, Task Roof, é 870
[companyE] Meu lance no artefato cobj_4, Task Roof, é 870
[companyE] Meu lance no artefato cobj_4, Task Roof, é 870
[companyE] Meu lance no artefato cobj_4, Task Roof, é 870
[companyE] Meu lance no artefato cobj_4, Task Roof, é 870
[companyE] Meu lance no artefato cobj_4, Task Roof, é 870
[companyE] Meu lance no artefato cobj_4, Task Roof, é 870
[companyE] Meu lance no artefato cobj_4, Task Roof, é 870
[companyE] Meu lance no artefato cobj_4, Task Roof, é 870
[companyE] Meu lance no artefato cobj_4, Task Roof, é 870
[companyE] Meu lance no artefato cobj_4, Task Roof, é 870
[companyE] Meu lance no artefato cobj_4, Task Roof, é 870
[companyE] Meu lance no artefato cobj_4, Task Roof, é 870
[companyE] Meu lance no artefato cobj_4, Task Roof, é 870
[companyE] Meu lance no artefato cobj_4, Task Roof, é 870
[companyE] Meu lance no artefato cobj_4, Task Roof, é 870
[companyE] Meu lance no artefato cobj_4, Task Roof, é 870
[companyE] Meu lance no artefato cobj_4, Task Roof, é 870
[companyE] Meu lance no artefato cobj_4, Task Roof, é 870
[companyE] Meu lance no artefato cobj_4, Task Roof, é 860
[companyE] Meu lance no artefato cobj_4, Task Roof, é 860
[companyE] Meu lance no artefato cobj_4, Task Roof, é 860
[companyE] Meu lance no artefato cobj_4, Task Roof, é 860
[companyE] Meu lance no artefato cobj_4, Task Roof, é 860
[companyE] Meu lance no artefato cobj_4, Task Roof, é 860
[companyE] Meu lance no artefato cobj_4, Task Roof, é 860
[companyE] Meu lance no artefato cobj_4, Task Roof, é 860
[companyE] Meu lance no artefato cobj_4, Task Roof, é 860
[companyE] Meu lance no artefato cobj_4, Task Roof, é 860
[companyD5] Meu lance no artefato cobj_9 é 9252
[companyE] Meu lance no artefato cobj_4, Task Roof, é 860
[companyE] Meu lance no artefato cobj_4, Task Roof, é 860
[companyE] Meu lance no artefato cobj_4, Task Roof, é 860
[companyE] Meu lance no artefato cobj_4, Task Roof, é 860
[companyE] Meu lance no artefato cobj_4, Task Roof, é 860
[companyE] Meu lance no artefato cobj_4, Task Roof, é 860
[companyE] Meu lance no artefato cobj_4, Task Roof, é 860
[companyE] Meu lance no artefato cobj_4, Task Roof, é 860
[companyE] Meu lance no artefato cobj_4, Task Roof, é 860
[companyE] Meu lance no artefato cobj_4, Task Roof, é 860
[companyE] Meu lance no artefato cobj_4, Task Roof, é 860
[companyE] Meu lance no artefato cobj_4, Task Roof, é 860
[companyE] Meu lance no artefato cobj_4, Task Roof, é 860
[companyE] Meu lance no artefato cobj_4, Task Roof, é 860
[companyE] Meu lance no artefato cobj_4, Task Roof, é 860
[companyE] Meu lance no artefato cobj_4, Task Roof, é 850
[companyE] Meu lance no artefato cobj_4, Task Roof, é 850
[companyE] Meu lance no artefato cobj_4, Task Roof, é 850
[companyE] Meu lance no artefato cobj_4, Task Roof, é 850
[companyE] Meu lance no artefato cobj_4, Task Roof, é 850
[companyE] Meu lance no artefato cobj_4, Task Roof, é 850
[companyE] Meu lance no artefato cobj_4, Task Roof, é 850
[companyE] Meu lance no artefato cobj_4, Task Roof, é 850
[companyE] Meu lance no artefato cobj_4, Task Roof, é 850
[companyE] Meu lance no artefato cobj_4, Task Roof, é 850
[companyE] Meu lance no artefato cobj_4, Task Roof, é 850
[companyE] Meu lance no artefato cobj_4, Task Roof, é 850
[companyE] Meu lance no artefato cobj_4, Task Roof, é 850
[companyD9] Meu lance no artefato cobj_4 é 6583
[companyE] Meu lance no artefato cobj_4, Task Roof, é 850
[companyE] Meu lance no artefato cobj_4, Task Roof, é 850
[companyE] Meu lance no artefato cobj_4, Task Roof, é 850
[companyE] Meu lance no artefato cobj_4, Task Roof, é 850
[companyE] Meu lance no artefato cobj_4, Task Roof, é 850
[companyE] Meu lance no artefato cobj_4, Task Roof, é 850
[companyE] Meu lance no artefato cobj_4, Task Roof, é 850
[companyE] Meu lance no artefato cobj_4, Task Roof, é 850
[companyE] Meu lance no artefato cobj_4, Task Roof, é 850
[companyE] Meu lance no artefato cobj_4, Task Roof, é 850
[companyE] Meu lance no artefato cobj_4, Task Roof, é 850
[companyE] Meu lance no artefato cobj_4, Task Roof, é 850
[companyE] Meu lance no artefato cobj_4, Task Roof, é 840
[companyE] Meu lance no artefato cobj_4, Task Roof, é 840
[companyE] Meu lance no artefato cobj_4, Task Roof, é 840
[companyE] Meu lance no artefato cobj_4, Task Roof, é 840
[companyD7] Meu lance no artefato cobj_10 é 2058
[companyD9] Meu lance no artefato cobj_9 é 10250
[companyD13] Meu lance no artefato cobj_5 é 5230
[companyD1] Meu lance no artefato cobj_2 é 2414
[companyD3] Meu lance no artefato cobj_7 é 5966
[companyD6] Meu lance no artefato cobj_7 é 1237
[companyD6] Meu lance no artefato cobj_3 é 6847
[companyD1] Meu lance no artefato cobj_3 é 2183
[companyD8] Meu lance no artefato cobj_6 é 10186
[companyD13] Meu lance no artefato cobj_6 é 2682
[companyD10] Meu lance no artefato cobj_9 é 4671
[companyE] Meu lance no artefato cobj_4, Task Roof, é 840
[companyE] Meu lance no artefato cobj_4, Task Roof, é 840
[companyE] Meu lance no artefato cobj_4, Task Roof, é 840
[companyE] Meu lance no artefato cobj_4, Task Roof, é 840
[companyE] Meu lance no artefato cobj_4, Task Roof, é 840
[companyE] Meu lance no artefato cobj_4, Task Roof, é 840
[companyE] Meu lance no artefato cobj_4, Task Roof, é 840
[companyE] Meu lance no artefato cobj_4, Task Roof, é 840
[companyE] Meu lance no artefato cobj_4, Task Roof, é 840
[companyE] Meu lance no artefato cobj_4, Task Roof, é 840
[companyE] Meu lance no artefato cobj_4, Task Roof, é 840
[companyE] Meu lance no artefato cobj_4, Task Roof, é 840
[companyE] Meu lance no artefato cobj_4, Task Roof, é 840
[companyE] Meu lance no artefato cobj_4, Task Roof, é 840
[companyE] Meu lance no artefato cobj_4, Task Roof, é 840
[companyE] Meu lance no artefato cobj_4, Task Roof, é 840
[companyE] Meu lance no artefato cobj_4, Task Roof, é 840
[companyE] Meu lance no artefato cobj_4, Task Roof, é 840
[companyE] Meu lance no artefato cobj_4, Task Roof, é 840
[companyE] Meu lance no artefato cobj_4, Task Roof, é 840
[companyE] Meu lance no artefato cobj_4, Task Roof, é 840
[companyE] Meu lance no artefato cobj_4, Task Roof, é 840
[companyE] Meu lance no artefato cobj_4, Task Roof, é 830
[companyE] Meu lance no artefato cobj_4, Task Roof, é 830
[companyE] Meu lance no artefato cobj_4, Task Roof, é 830
[companyE] Meu lance no artefato cobj_4, Task Roof, é 830
[companyE] Meu lance no artefato cobj_4, Task Roof, é 830
[companyE] Meu lance no artefato cobj_4, Task Roof, é 830
[companyE] Meu lance no artefato cobj_4, Task Roof, é 830
[companyE] Meu lance no artefato cobj_4, Task Roof, é 830
[companyE] Meu lance no artefato cobj_4, Task Roof, é 830
[companyE] Meu lance no artefato cobj_4, Task Roof, é 830
[companyE] Meu lance no artefato cobj_4, Task Roof, é 830
[companyE] Meu lance no artefato cobj_4, Task Roof, é 830
[companyE] Meu lance no artefato cobj_4, Task Roof, é 830
[companyD4] Meu lance no artefato cobj_9 é 2589
[companyD11] Meu lance no artefato cobj_3 é 10204
[companyE] Meu lance no artefato cobj_4, Task Roof, é 830
[companyE] Meu lance no artefato cobj_4, Task Roof, é 830
[companyE] Meu lance no artefato cobj_4, Task Roof, é 830
[companyE] Meu lance no artefato cobj_4, Task Roof, é 830
[companyE] Meu lance no artefato cobj_4, Task Roof, é 830
[companyE] Meu lance no artefato cobj_4, Task Roof, é 830
[companyE] Meu lance no artefato cobj_4, Task Roof, é 830
[companyE] Meu lance no artefato cobj_4, Task Roof, é 830
[companyE] Meu lance no artefato cobj_4, Task Roof, é 830
[companyE] Meu lance no artefato cobj_4, Task Roof, é 830
[companyE] Meu lance no artefato cobj_4, Task Roof, é 830
[companyE] Meu lance no artefato cobj_4, Task Roof, é 830
[companyE] Meu lance no artefato cobj_4, Task Roof, é 830
[companyE] Meu lance no artefato cobj_4, Task Roof, é 820
[companyE] Meu lance no artefato cobj_4, Task Roof, é 820
[companyE] Meu lance no artefato cobj_4, Task Roof, é 820
[companyE] Meu lance no artefato cobj_4, Task Roof, é 820
[companyE] Meu lance no artefato cobj_4, Task Roof, é 820
[companyE] Meu lance no artefato cobj_4, Task Roof, é 820
[companyE] Meu lance no artefato cobj_4, Task Roof, é 820
[companyE] Meu lance no artefato cobj_4, Task Roof, é 820
[companyE] Meu lance no artefato cobj_4, Task Roof, é 820
[companyE] Meu lance no artefato cobj_4, Task Roof, é 820
[companyE] Meu lance no artefato cobj_4, Task Roof, é 820
[companyE] Meu lance no artefato cobj_4, Task Roof, é 820
[companyE] Meu lance no artefato cobj_4, Task Roof, é 820
[companyE] Meu lance no artefato cobj_4, Task Roof, é 820
[companyE] Meu lance no artefato cobj_4, Task Roof, é 820
[companyE] Meu lance no artefato cobj_4, Task Roof, é 820
[companyE] Meu lance no artefato cobj_4, Task Roof, é 820
[companyE] Meu lance no artefato cobj_4, Task Roof, é 820
[companyE] Meu lance no artefato cobj_4, Task Roof, é 820
[companyE] Meu lance no artefato cobj_4, Task Roof, é 820
[companyE] Meu lance no artefato cobj_4, Task Roof, é 820
[companyE] Meu lance no artefato cobj_4, Task Roof, é 820
[companyE] Meu lance no artefato cobj_4, Task Roof, é 820
[companyE] Meu lance no artefato cobj_4, Task Roof, é 820
[companyE] Meu lance no artefato cobj_4, Task Roof, é 820
[companyE] Meu lance no artefato cobj_4, Task Roof, é 820
[companyE] Meu lance no artefato cobj_4, Task Roof, é 810
[companyE] Meu lance no artefato cobj_4, Task Roof, é 810
[companyE] Meu lance no artefato cobj_4, Task Roof, é 810
[companyE] Meu lance no artefato cobj_4, Task Roof, é 810
[companyE] Meu lance no artefato cobj_4, Task Roof, é 810
[companyE] Meu lance no artefato cobj_4, Task Roof, é 810
[companyE] Meu lance no artefato cobj_4, Task Roof, é 810
[companyE] Meu lance no artefato cobj_4, Task Roof, é 810
[companyE] Meu lance no artefato cobj_4, Task Roof, é 810
[companyE] Meu lance no artefato cobj_4, Task Roof, é 810
[companyE] Meu lance no artefato cobj_4, Task Roof, é 810
[companyE] Meu lance no artefato cobj_4, Task Roof, é 810
[companyE] Meu lance no artefato cobj_4, Task Roof, é 810
[companyE] Meu lance no artefato cobj_4, Task Roof, é 810
[companyE] Meu lance no artefato cobj_4, Task Roof, é 810
[companyE] Meu lance no artefato cobj_4, Task Roof, é 810
[companyE] Meu lance no artefato cobj_4, Task Roof, é 810
[companyE] Meu lance no artefato cobj_4, Task Roof, é 810
[companyE] Meu lance no artefato cobj_4, Task Roof, é 810
[companyE] Meu lance no artefato cobj_4, Task Roof, é 810
[companyE] Meu lance no artefato cobj_4, Task Roof, é 810
[companyE] Meu lance no artefato cobj_4, Task Roof, é 810
[companyE] Meu lance no artefato cobj_4, Task Roof, é 810
[companyE] Meu lance no artefato cobj_4, Task Roof, é 810
[companyE] Meu lance no artefato cobj_4, Task Roof, é 810
[companyE] Meu lance no artefato cobj_4, Task Roof, é 810
[companyE] Meu lance no artefato cobj_4, Task Roof, é 800
[companyE] Meu lance no artefato cobj_4, Task Roof, é 800
[companyE] Meu lance no artefato cobj_4, Task Roof, é 800
[companyE] Meu lance no artefato cobj_4, Task Roof, é 800
[companyE] Meu lance no artefato cobj_4, Task Roof, é 800
[companyE] Meu lance no artefato cobj_4, Task Roof, é 800
[companyE] Meu lance no artefato cobj_4, Task Roof, é 800
[companyE] Meu lance no artefato cobj_4, Task Roof, é 800
[companyE] Meu lance no artefato cobj_4, Task Roof, é 800
[companyE] Meu lance no artefato cobj_4, Task Roof, é 800
[companyE] Meu lance no artefato cobj_4, Task Roof, é 800
[companyE] Meu lance no artefato cobj_4, Task Roof, é 800
[companyE] Meu lance no artefato cobj_4, Task Roof, é 800
[companyE] Meu lance no artefato cobj_4, Task Roof, é 800
[companyE] Meu lance no artefato cobj_4, Task Roof, é 800
[companyE] Meu lance no artefato cobj_4, Task Roof, é 800
[companyE] Meu lance no artefato cobj_4, Task Roof, é 800
[companyE] Meu lance no artefato cobj_4, Task Roof, é 800
[companyE] Meu lance no artefato cobj_4, Task Roof, é 800
[companyE] Meu lance no artefato cobj_4, Task Roof, é 800
[companyE] Meu lance no artefato cobj_4, Task Roof, é 800
[companyE] Meu lance no artefato cobj_4, Task Roof, é 800
[companyE] Meu lance no artefato cobj_4, Task Roof, é 800
[companyE] Meu lance no artefato cobj_4, Task Roof, é 800
[companyE] Meu lance no artefato cobj_4, Task Roof, é 800
[companyE] Meu lance no artefato cobj_4, Task Roof, é 800
