[companyC5] Meu lance no artefato cobj_2, Task SitePreparation, é 1900
[companyD8] Meu lance no artefato cobj_2 é 4392
[empreiteiraThiesen] Meu lance para a tarefa Plumbing é 490
[companyC3] Meu lance no artefato cobj_2, Task Walls, é 900
[companyC1] Meu lance no artefato cobj_2, Task SitePreparation, é 1900
[companyB] Meu lance no artefato cobj_2 é 1850
[companyC2] Meu lance no artefato cobj_2, Task Floors, é 900
[companyC1] Meu lance no artefato cobj_3, Task Floors, é 900
[companyC3] Meu lance no artefato cobj_4, Task Floors, é 900
[companyC2] Meu lance no artefato cobj_5, Task Roof, é 1100
[companyE] Meu lance no artefato cobj_2, Task Walls, é 890
[companyA] Meu lance no artefato cobj_2 é 300
[companyC3] Meu lance no artefato cobj_5, Task Roof, é 1100
[companyC5] Meu lance no artefato cobj_4, Task Roof, é 1100
[companyC1] Meu lance no artefato cobj_4, Task Walls, é 900
[companyC3] Meu lance no artefato cobj_6, Task SitePreparation, é 1900
[empreiteiraThiesen] Meu lance para a tarefa Plumbing é 290
[companyE] Meu lance no artefato cobj_4, Task Floors, é 890
[companyE] Meu lance no artefato cobj_5, Task Roof, é 1990
[companyE] Meu lance no artefato cobj_5, Task Roof, é 1090
[companyC1] Meu lance no artefato cobj_5, Task Roof, é 1100
[companyC4] Meu lance no artefato cobj_6, Task Roof, é 1100
[companyC5] Meu lance no artefato cobj_5, Task WindowsDoors, é 2000
[companyC1] Meu lance no artefato cobj_6, Task WindowsDoors, é 2000
[companyC4] Meu lance no artefato cobj_8, Task ElectricalSystem, é 300
[companyC5] Meu lance no artefato cobj_8, Task Painting, é 1100
[companyC4] Meu lance no artefato cobj_9, Task WindowsDoors, é 2000
[companyC4] Meu lance no artefato cobj_10, Task Painting, é 1100
[companyD10] Meu lance no artefato cobj_2 é 5633
[companyD1] Meu lance no artefato cobj_6 é 936
[companyD7] Meu lance no artefato cobj_2 é 5323
[companyE] Meu lance no artefato cobj_5, Task Roof, é 926
[companyE] Could not finish intention: intention 283: 
    +currentBid(936)[artifact_id(cobj_5),artifact_name(auction_for_Roof),percept_type(obs_prop),source(percept),workspace("/main",cobj_0)] <- ... bid(math.max((V-10),P))[artifact_id(Art)] / {P=800, Art=cobj_5, Sum=1780, S="Roof", V=936}
	Trigger: +currentBid(936)[artifact_id(cobj_5),artifact_name(auction_for_Roof),code(bid(926)[artifact_id(cobj_5)]),code_line(32),code_src("file:src/agt/companyE.asl"),error(action_failed),error_msg("Número máximo de lances atingido."),percept_type(obs_prop),source(percept),workspace("/main",cobj_0)]
[companyD12] Meu lance no artefato cobj_8 é 9628
[companyD10] Meu lance no artefato cobj_4 é 3366
[companyD13] Meu lance no artefato cobj_8 é 5055
[companyD1] Meu lance no artefato cobj_8 é 3969
[companyD7] Meu lance no artefato cobj_8 é 4264
[companyD11] Meu lance no artefato cobj_4 é 5844
[companyD2] Meu lance no artefato cobj_9 é 6825
[companyD13] Meu lance no artefato cobj_5 é 5746
[companyD13] Could not finish intention: intention 177: 
    +task("Roof")[artifact_id(cobj_5),artifact_name(auction_for_Roof),percept_type(obs_prop),source(percept),workspace("/main",cobj_0)] <- ... bid(Bid)[artifact_id(Art)] / {Art=cobj_5, S="Roof", Bid=5746}
	Trigger: +task("Roof")[artifact_id(cobj_5),artifact_name(auction_for_Roof),code(bid(5746)[artifact_id(cobj_5)]),code_line(19),code_src("file:src/agt/companyD.asl"),error(action_failed),error_msg("Número máximo de lances atingido."),percept_type(obs_prop),source(percept),workspace("/main",cobj_0)]
[companyD3] Meu lance no artefato cobj_4 é 1402
[companyD3] Meu lance no artefato cobj_2 é 4338
[companyD9] Meu lance no artefato cobj_5 é 9265
[companyD5] Meu lance no artefato cobj_2 é 7324
[companyD9] Meu lance no artefato cobj_7 é 5681
[companyD2] Meu lance no artefato cobj_8 é 9259
[companyD6] Meu lance no artefato cobj_10 é 1005
[companyD9] Meu lance no artefato cobj_8 é 3638
[companyD2] Meu lance no artefato cobj_2 é 9670
[companyD6] Meu lance no artefato cobj_3 é 6300
[companyD9] Meu lance no artefato cobj_9 é 4156
[companyD9] Could not finish intention: intention 239: 
    +task("Plumbing")[artifact_id(cobj_9),artifact_name(auction_for_Plumbing),percept_type(obs_prop),source(percept),workspace("/main",cobj_0)] <- ... bid(Bid)[artifact_id(Art)] / {Art=cobj_9, S="Plumbing", Bid=4156}
	Trigger: +task("Plumbing")[artifact_id(cobj_9),artifact_name(auction_for_Plumbing),code(bid(4156)[artifact_id(cobj_9)]),code_line(19),code_src("file:src/agt/companyD.asl"),error(action_failed),error_msg("Número máximo de lances atingido."),percept_type(obs_prop),source(percept),workspace("/main",cobj_0)]
[companyD11] Meu lance no artefato cobj_10 é 4715
[companyD11] Could not finish intention: intention 215: 
    +task("Plumbing")[artifact_id(cobj_10),artifact_name(auction_for_Plumbing),percept_type(obs_prop),source(percept),workspace("/main",cobj_0)] <- ... bid(Bid)[artifact_id(Art)] / {Art=cobj_10, S="Plumbing", Bid=4715}
	Trigger: +task("Plumbing")[artifact_id(cobj_10),artifact_name(auction_for_Plumbing),code(bid(4715)[artifact_id(cobj_10)]),code_line(19),code_src("file:src/agt/companyD.asl"),error(action_failed),error_msg("Número máximo de lances atingido."),percept_type(obs_prop),source(percept),workspace("/main",cobj_0)]
[companyD2] Meu lance no artefato cobj_4 é 1599
[companyD2] Meu lance no artefato cobj_10 é 1366
[companyD13] Meu lance no artefato cobj_3 é 4874
[companyD11] Meu lance no artefato cobj_8 é 2462
[companyD1] Meu lance no artefato cobj_9 é 10148
[companyD1] Could not finish intention: intention 218: 
    +task("Plumbing")[artifact_id(cobj_9),artifact_name(auction_for_Plumbing),percept_type(obs_prop),source(percept),workspace("/main",cobj_0)] <- ... bid(Bid)[artifact_id(Art)] / {Art=cobj_9, S="Plumbing", Bid=10148}
	Trigger: +task("Plumbing")[artifact_id(cobj_9),artifact_name(auction_for_Plumbing),code(bid(10148)[artifact_id(cobj_9)]),code_line(19),code_src("file:src/agt/companyD.asl"),error(action_failed),error_msg("Número máximo de lances atingido."),percept_type(obs_prop),source(percept),workspace("/main",cobj_0)]
[companyD2] Meu lance no artefato cobj_7 é 8772
[companyD2] Could not finish intention: intention 233: 
    +task("Plumbing")[artifact_id(cobj_7),artifact_name(auction_for_Plumbing),percept_type(obs_prop),source(percept),workspace("/main",cobj_0)] <- ... bid(Bid)[artifact_id(Art)] / {Art=cobj_7, S="Plumbing", Bid=8772}
	Trigger: +task("Plumbing")[artifact_id(cobj_7),artifact_name(auction_for_Plumbing),code(bid(8772)[artifact_id(cobj_7)]),code_line(19),code_src("file:src/agt/companyD.asl"),error(action_failed),error_msg("Número máximo de lances atingido."),percept_type(obs_prop),source(percept),workspace("/main",cobj_0)]
[companyD8] Meu lance no artefato cobj_7 é 3025
[companyD12] Meu lance no artefato cobj_3 é 4733
[companyD4] Meu lance no artefato cobj_4 é 4990
[companyD4] Could not finish intention: intention 225: 
    +task("Roof")[artifact_id(cobj_4),artifact_name(auction_for_Roof),percept_type(obs_prop),source(percept),workspace("/main",cobj_0)] <- ... bid(Bid)[artifact_id(Art)] / {Art=cobj_4, S="Roof", Bid=4990}
	Trigger: +task("Roof")[artifact_id(cobj_4),artifact_name(auction_for_Roof),code(bid(4990)[artifact_id(cobj_4)]),code_line(19),code_src("file:src/agt/companyD.asl"),error(action_failed),error_msg("Número máximo de lances atingido."),percept_type(obs_prop),source(percept),workspace("/main",cobj_0)]
[companyD12] Meu lance no artefato cobj_2 é 10543
[companyD9] Meu lance no artefato cobj_10 é 1078
[companyD10] Meu lance no artefato cobj_8 é 7304
[companyD13] Meu lance no artefato cobj_7 é 8058
[companyD13] Could not finish intention: intention 182: 
    +task("Plumbing")[artifact_id(cobj_7),artifact_name(auction_for_Plumbing),percept_type(obs_prop),source(percept),workspace("/main",cobj_0)] <- ... bid(Bid)[artifact_id(Art)] / {Art=cobj_7, S="Plumbing", Bid=8058}
	Trigger: +task("Plumbing")[artifact_id(cobj_7),artifact_name(auction_for_Plumbing),code(bid(8058)[artifact_id(cobj_7)]),code_line(19),code_src("file:src/agt/companyD.asl"),error(action_failed),error_msg("Número máximo de lances atingido."),percept_type(obs_prop),source(percept),workspace("/main",cobj_0)]
[companyD10] Meu lance no artefato cobj_9 é 4716
[companyD10] Meu lance no artefato cobj_5 é 9751
[companyD10] Meu lance no artefato cobj_10 é 7584
[companyD10] Could not finish intention: intention 269: 
    +task("Roof")[artifact_id(cobj_10),artifact_name(auction_for_Roof),percept_type(obs_prop),source(percept),workspace("/main",cobj_0)] <- ... bid(Bid)[artifact_id(Art)] / {Art=cobj_10, S="Roof", Bid=7584}
	Trigger: +task("Roof")[artifact_id(cobj_10),artifact_name(auction_for_Roof),code(bid(7584)[artifact_id(cobj_10)]),code_line(19),code_src("file:src/agt/companyD.asl"),error(action_failed),error_msg("Número máximo de lances atingido."),percept_type(obs_prop),source(percept),workspace("/main",cobj_0)]
[companyD2] Meu lance no artefato cobj_6 é 8476
[companyD8] Meu lance no artefato cobj_10 é 988
[companyD3] Meu lance no artefato cobj_7 é 1868
[companyD8] Could not finish intention: intention 264: 
    +task("Plumbing")[artifact_id(cobj_10),artifact_name(auction_for_Plumbing),percept_type(obs_prop),source(percept),workspace("/main",cobj_0)] <- ... bid(Bid)[artifact_id(Art)] / {Art=cobj_10, S="Plumbing", Bid=988}
	Trigger: +task("Plumbing")[artifact_id(cobj_10),artifact_name(auction_for_Plumbing),code(bid(988)[artifact_id(cobj_10)]),code_line(19),code_src("file:src/agt/companyD.asl"),error(action_failed),error_msg("Número máximo de lances atingido."),percept_type(obs_prop),source(percept),workspace("/main",cobj_0)]
[companyD3] Could not finish intention: intention 240: 
    +task("Plumbing")[artifact_id(cobj_7),artifact_name(auction_for_Plumbing),percept_type(obs_prop),source(percept),workspace("/main",cobj_0)] <- ... bid(Bid)[artifact_id(Art)] / {Art=cobj_7, S="Plumbing", Bid=1868}
	Trigger: +task("Plumbing")[artifact_id(cobj_7),artifact_name(auction_for_Plumbing),code(bid(1868)[artifact_id(cobj_7)]),code_line(19),code_src("file:src/agt/companyD.asl"),error(action_failed),error_msg("Número máximo de lances atingido."),percept_type(obs_prop),source(percept),workspace("/main",cobj_0)]
[companyD13] Meu lance no artefato cobj_10 é 9518
[companyD5] Meu lance no artefato cobj_5 é 8030
[companyD11] Meu lance no artefato cobj_2 é 3517
[companyD5] Could not finish intention: intention 270: 
    +task("Roof")[artifact_id(cobj_5),artifact_name(auction_for_Roof),percept_type(obs_prop),source(percept),workspace("/main",cobj_0)] <- ... bid(Bid)[artifact_id(Art)] / {Art=cobj_5, S="Roof", Bid=8030}
	Trigger: +task("Roof")[artifact_id(cobj_5),artifact_name(auction_for_Roof),code(bid(8030)[artifact_id(cobj_5)]),code_line(19),code_src("file:src/agt/companyD.asl"),error(action_failed),error_msg("Número máximo de lances atingido."),percept_type(obs_prop),source(percept),workspace("/main",cobj_0)]
[companyD6] Meu lance no artefato cobj_2 é 7434
[companyD12] Meu lance no artefato cobj_5 é 4322
[companyD12] Could not finish intention: intention 170: 
    +task("Roof")[artifact_id(cobj_5),artifact_name(auction_for_Roof),percept_type(obs_prop),source(percept),workspace("/main",cobj_0)] <- ... bid(Bid)[artifact_id(Art)] / {Art=cobj_5, S="Roof", Bid=4322}
	Trigger: +task("Roof")[artifact_id(cobj_5),artifact_name(auction_for_Roof),code(bid(4322)[artifact_id(cobj_5)]),code_line(19),code_src("file:src/agt/companyD.asl"),error(action_failed),error_msg("Número máximo de lances atingido."),percept_type(obs_prop),source(percept),workspace("/main",cobj_0)]
[companyD4] Meu lance no artefato cobj_2 é 3548
[companyD1] Meu lance no artefato cobj_3 é 5486
[companyD7] Meu lance no artefato cobj_7 é 1381
[companyD7] Could not finish intention: intention 203: 
    +task("Roof")[artifact_id(cobj_7),artifact_name(auction_for_Roof),percept_type(obs_prop),source(percept),workspace("/main",cobj_0)] <- ... bid(Bid)[artifact_id(Art)] / {Art=cobj_7, S="Roof", Bid=1381}
	Trigger: +task("Roof")[artifact_id(cobj_7),artifact_name(auction_for_Roof),code(bid(1381)[artifact_id(cobj_7)]),code_line(19),code_src("file:src/agt/companyD.asl"),error(action_failed),error_msg("Número máximo de lances atingido."),percept_type(obs_prop),source(percept),workspace("/main",cobj_0)]
[companyD1] Meu lance no artefato cobj_2 é 5591
[companyD13] Meu lance no artefato cobj_6 é 10475
[companyD2] Meu lance no artefato cobj_5 é 8551
[companyD11] Meu lance no artefato cobj_7 é 1445
[companyD2] Could not finish intention: intention 230: 
    +task("Roof")[artifact_id(cobj_5),artifact_name(auction_for_Roof),percept_type(obs_prop),source(percept),workspace("/main",cobj_0)] <- ... bid(Bid)[artifact_id(Art)] / {Art=cobj_5, S="Roof", Bid=8551}
	Trigger: +task("Roof")[artifact_id(cobj_5),artifact_name(auction_for_Roof),code(bid(8551)[artifact_id(cobj_5)]),code_line(19),code_src("file:src/agt/companyD.asl"),error(action_failed),error_msg("Número máximo de lances atingido."),percept_type(obs_prop),source(percept),workspace("/main",cobj_0)]
[companyD11] Could not finish intention: intention 211: 
    +task("Roof")[artifact_id(cobj_7),artifact_name(auction_for_Roof),percept_type(obs_prop),source(percept),workspace("/main",cobj_0)] <- ... bid(Bid)[artifact_id(Art)] / {Art=cobj_7, S="Roof", Bid=1445}
	Trigger: +task("Roof")[artifact_id(cobj_7),artifact_name(auction_for_Roof),code(bid(1445)[artifact_id(cobj_7)]),code_line(19),code_src("file:src/agt/companyD.asl"),error(action_failed),error_msg("Número máximo de lances atingido."),percept_type(obs_prop),source(percept),workspace("/main",cobj_0)]
[companyD5] Meu lance no artefato cobj_7 é 2040
[companyD10] Meu lance no artefato cobj_6 é 10108
[companyD4] Meu lance no artefato cobj_8 é 4355
[companyD6] Meu lance no artefato cobj_6 é 2044
[companyD6] Could not finish intention: intention 245: 
    +task("Plumbing")[artifact_id(cobj_6),artifact_name(auction_for_Plumbing),percept_type(obs_prop),source(percept),workspace("/main",cobj_0)] <- ... bid(Bid)[artifact_id(Art)] / {Art=cobj_6, S="Plumbing", Bid=2044}
	Trigger: +task("Plumbing")[artifact_id(cobj_6),artifact_name(auction_for_Plumbing),code(bid(2044)[artifact_id(cobj_6)]),code_line(19),code_src("file:src/agt/companyD.asl"),error(action_failed),error_msg("Número máximo de lances atingido."),percept_type(obs_prop),source(percept),workspace("/main",cobj_0)]
[companyD3] Meu lance no artefato cobj_5 é 7151
[companyD3] Meu lance no artefato cobj_10 é 10160
[companyD9] Meu lance no artefato cobj_4 é 5630
[companyD1] Meu lance no artefato cobj_7 é 3112
[companyD12] Meu lance no artefato cobj_7 é 9856
[companyD6] Meu lance no artefato cobj_9 é 4722
[companyD3] Meu lance no artefato cobj_6 é 8100
[companyD3] Meu lance no artefato cobj_9 é 3699
[companyD3] Could not finish intention: intention 256: 
    +task("Roof")[artifact_id(cobj_9),artifact_name(auction_for_Roof),percept_type(obs_prop),source(percept),workspace("/main",cobj_0)] <- ... bid(Bid)[artifact_id(Art)] / {Art=cobj_9, S="Roof", Bid=3699}
	Trigger: +task("Roof")[artifact_id(cobj_9),artifact_name(auction_for_Roof),code(bid(3699)[artifact_id(cobj_9)]),code_line(19),code_src("file:src/agt/companyD.asl"),error(action_failed),error_msg("Número máximo de lances atingido."),percept_type(obs_prop),source(percept),workspace("/main",cobj_0)]
[companyD8] Meu lance no artefato cobj_9 é 1776
[companyD8] Meu lance no artefato cobj_6 é 6574
[companyD7] Meu lance no artefato cobj_4 é 6087
[companyD12] Meu lance no artefato cobj_9 é 3691
[companyD11] Meu lance no artefato cobj_9 é 2807
[companyD12] Could not finish intention: intention 206: 
    +task("Plumbing")[artifact_id(cobj_9),artifact_name(auction_for_Plumbing),percept_type(obs_prop),source(percept),workspace("/main",cobj_0)] <- ... bid(Bid)[artifact_id(Art)] / {Art=cobj_9, S="Plumbing", Bid=3691}
	Trigger: +task("Plumbing")[artifact_id(cobj_9),artifact_name(auction_for_Plumbing),code(bid(3691)[artifact_id(cobj_9)]),code_line(19),code_src("file:src/agt/companyD.asl"),error(action_failed),error_msg("Número máximo de lances atingido."),percept_type(obs_prop),source(percept),workspace("/main",cobj_0)]
[companyD4] Meu lance no artefato cobj_9 é 8896
[companyD10] Meu lance no artefato cobj_7 é 5119
[companyD10] Could not finish intention: intention 265: 
    +task("Plumbing")[artifact_id(cobj_7),artifact_name(auction_for_Plumbing),percept_type(obs_prop),source(percept),workspace("/main",cobj_0)] <- ... bid(Bid)[artifact_id(Art)] / {Art=cobj_7, S="Plumbing", Bid=5119}
	Trigger: +task("Plumbing")[artifact_id(cobj_7),artifact_name(auction_for_Plumbing),code(bid(5119)[artifact_id(cobj_7)]),code_line(19),code_src("file:src/agt/companyD.asl"),error(action_failed),error_msg("Número máximo de lances atingido."),percept_type(obs_prop),source(percept),workspace("/main",cobj_0)]
[companyD9] Meu lance no artefato cobj_2 é 10695
[companyD5] Meu lance no artefato cobj_8 é 10078
[companyD5] Meu lance no artefato cobj_4 é 10198
[companyD8] Meu lance no artefato cobj_5 é 4565
[companyD8] Could not finish intention: intention 228: 
    +task("Roof")[artifact_id(cobj_5),artifact_name(auction_for_Roof),percept_type(obs_prop),source(percept),workspace("/main",cobj_0)] <- ... bid(Bid)[artifact_id(Art)] / {Art=cobj_5, S="Roof", Bid=4565}
	Trigger: +task("Roof")[artifact_id(cobj_5),artifact_name(auction_for_Roof),code(bid(4565)[artifact_id(cobj_5)]),code_line(19),code_src("file:src/agt/companyD.asl"),error(action_failed),error_msg("Número máximo de lances atingido."),percept_type(obs_prop),source(percept),workspace("/main",cobj_0)]
[companyD1] Meu lance no artefato cobj_10 é 1895
[companyD7] Meu lance no artefato cobj_9 é 10528
[companyD3] Meu lance no artefato cobj_8 é 7170
[companyD7] Meu lance no artefato cobj_5 é 5268
[companyD7] Meu lance no artefato cobj_6 é 8952
[companyD7] Could not finish intention: intention 190: 
    +task("Plumbing")[artifact_id(cobj_5),artifact_name(auction_for_Plumbing),percept_type(obs_prop),source(percept),workspace("/main",cobj_0)] <- ... bid(Bid)[artifact_id(Art)] / {Art=cobj_5, S="Plumbing", Bid=5268}
	Trigger: +task("Plumbing")[artifact_id(cobj_5),artifact_name(auction_for_Plumbing),code(bid(5268)[artifact_id(cobj_5)]),code_line(19),code_src("file:src/agt/companyD.asl"),error(action_failed),error_msg("Número máximo de lances atingido."),percept_type(obs_prop),source(percept),workspace("/main",cobj_0)]
[companyD12] Meu lance no artefato cobj_4 é 3494
[companyD8] Meu lance no artefato cobj_8 é 10736
[companyD6] Meu lance no artefato cobj_8 é 6535
[companyD6] Could not finish intention: intention 249: 
    +task("Roof")[artifact_id(cobj_8),artifact_name(auction_for_Roof),percept_type(obs_prop),source(percept),workspace("/main",cobj_0)] <- ... bid(Bid)[artifact_id(Art)] / {Art=cobj_8, S="Roof", Bid=6535}
	Trigger: +task("Roof")[artifact_id(cobj_8),artifact_name(auction_for_Roof),code(bid(6535)[artifact_id(cobj_8)]),code_line(19),code_src("file:src/agt/companyD.asl"),error(action_failed),error_msg("Número máximo de lances atingido."),percept_type(obs_prop),source(percept),workspace("/main",cobj_0)]
[companyD4] Meu lance no artefato cobj_5 é 3176
[companyD13] Meu lance no artefato cobj_4 é 4618
[companyD4] Meu lance no artefato cobj_10 é 8012
[companyD4] Could not finish intention: intention 254: 
    +task("Plumbing")[artifact_id(cobj_10),artifact_name(auction_for_Plumbing),percept_type(obs_prop),source(percept),workspace("/main",cobj_0)] <- ... bid(Bid)[artifact_id(Art)] / {Art=cobj_10, S="Plumbing", Bid=8012}
	Trigger: +task("Plumbing")[artifact_id(cobj_10),artifact_name(auction_for_Plumbing),code(bid(8012)[artifact_id(cobj_10)]),code_line(19),code_src("file:src/agt/companyD.asl"),error(action_failed),error_msg("Número máximo de lances atingido."),percept_type(obs_prop),source(percept),workspace("/main",cobj_0)]
[companyD11] Meu lance no artefato cobj_5 é 10318
[companyD5] Meu lance no artefato cobj_6 é 1220
[companyD11] Meu lance no artefato cobj_6 é 8704
[companyD1] Meu lance no artefato cobj_4 é 5606
[companyD4] Meu lance no artefato cobj_7 é 6170
[companyD7] Meu lance no artefato cobj_10 é 6199
[companyD13] Meu lance no artefato cobj_2 é 8871
[companyD4] Meu lance no artefato cobj_6 é 9559
[companyD9] Meu lance no artefato cobj_6 é 4266
[companyD9] Could not finish intention: intention 200: 
    +task("Roof")[artifact_id(cobj_6),artifact_name(auction_for_Roof),percept_type(obs_prop),source(percept),workspace("/main",cobj_0)] <- ... bid(Bid)[artifact_id(Art)] / {Art=cobj_6, S="Roof", Bid=4266}
	Trigger: +task("Roof")[artifact_id(cobj_6),artifact_name(auction_for_Roof),code(bid(4266)[artifact_id(cobj_6)]),code_line(19),code_src("file:src/agt/companyD.asl"),error(action_failed),error_msg("Número máximo de lances atingido."),percept_type(obs_prop),source(percept),workspace("/main",cobj_0)]
[companyD6] Meu lance no artefato cobj_5 é 2802
[companyD5] Meu lance no artefato cobj_9 é 4750
[companyD5] Meu lance no artefato cobj_10 é 3583
[companyD5] Could not finish intention: intention 276: 
    +task("Plumbing")[artifact_id(cobj_10),artifact_name(auction_for_Plumbing),percept_type(obs_prop),source(percept),workspace("/main",cobj_0)] <- ... bid(Bid)[artifact_id(Art)] / {Art=cobj_10, S="Plumbing", Bid=3583}
	Trigger: +task("Plumbing")[artifact_id(cobj_10),artifact_name(auction_for_Plumbing),code(bid(3583)[artifact_id(cobj_10)]),code_line(19),code_src("file:src/agt/companyD.asl"),error(action_failed),error_msg("Número máximo de lances atingido."),percept_type(obs_prop),source(percept),workspace("/main",cobj_0)]
[companyD8] Meu lance no artefato cobj_4 é 2240
[companyD6] Meu lance no artefato cobj_7 é 3082
[companyD12] Meu lance no artefato cobj_10 é 3280
