[companyC5] Meu lance no artefato cobj_2, Task SitePreparation, é 1900
[companyC1] Meu lance no artefato cobj_2, Task SitePreparation, é 1900
[companyC4] Meu lance no artefato cobj_2, Task SitePreparation, é 1900
[companyB] Meu lance no artefato cobj_2 é 1850
[companyC2] Meu lance no artefato cobj_2, Task SitePreparation, é 1900
[empreiteiraThiesen] Meu lance para a tarefa Plumbing é 490
[companyC3] Meu lance no artefato cobj_2, Task SitePreparation, é 1900
[companyC5] Meu lance no artefato cobj_4, Task Walls, é 900
[companyC3] Meu lance no artefato cobj_3, Task Floors, é 900
[companyC2] Meu lance no artefato cobj_3, Task Walls, é 900
[companyC2] Meu lance no artefato cobj_4, Task Roof, é 1100
[companyC3] Meu lance no artefato cobj_4, Task Walls, é 900
[companyC5] Meu lance no artefato cobj_5, Task Floors, é 900
[companyC3] Meu lance no artefato cobj_5, Task Roof, é 1100
[companyC1] Meu lance no artefato cobj_4, Task Floors, é 900
[companyD9] Meu lance no artefato cobj_2 é 5309
[companyC5] Meu lance no artefato cobj_6, Task WindowsDoors, é 2000
[companyC1] Meu lance no artefato cobj_6, Task WindowsDoors, é 2000
[companyC3] Meu lance no artefato cobj_6, Task WindowsDoors, é 2000
[companyC5] Meu lance no artefato cobj_8, Task Painting, é 1100
[companyC1] Meu lance no artefato cobj_7, Task Roof, é 1100
[companyC3] Meu lance no artefato cobj_8, Task Painting, é 1100
[companyC1] Meu lance no artefato cobj_8, Task ElectricalSystem, é 300
[companyC1] Meu lance no artefato cobj_9, Task Painting, é 1100
[companyC3] Meu lance no artefato cobj_9, Task ElectricalSystem, é 300
[companyA] Meu lance no artefato cobj_2 é 300
[empreiteiraThiesen] Meu lance para a tarefa Plumbing é 290
[companyE] Meu lance no artefato cobj_2, Task Floors, é 890
[companyE] Meu lance no artefato cobj_4, Task Walls, é 890
[companyE] Meu lance no artefato cobj_5, Task Roof, é 1090
[companyD7] Meu lance no artefato cobj_9 é 8954
[companyD10] Meu lance no artefato cobj_4 é 2153
[companyD1] Meu lance no artefato cobj_3 é 9378
[companyD8] Meu lance no artefato cobj_9 é 10460
[companyD13] Meu lance no artefato cobj_2 é 3189
[companyD9] Meu lance no artefato cobj_6 é 10423
[companyD9] Could not finish intention: intention 196: 
    +task("Plumbing")[artifact_id(cobj_6),artifact_name(auction_for_Plumbing),percept_type(obs_prop),source(percept),workspace("/main",cobj_0)] <- ... bid(Bid)[artifact_id(Art)] / {Art=cobj_6, S="Plumbing", Bid=10423}
	Trigger: +task("Plumbing")[artifact_id(cobj_6),artifact_name(auction_for_Plumbing),code(bid(10423)[artifact_id(cobj_6)]),code_line(19),code_src("file:src/agt/companyD.asl"),error(action_failed),error_msg("Número máximo de lances atingido."),percept_type(obs_prop),source(percept),workspace("/main",cobj_0)]
[companyD7] Meu lance no artefato cobj_7 é 9158
[companyD2] Meu lance no artefato cobj_2 é 9482
[companyD11] Meu lance no artefato cobj_5 é 1149
[companyD3] Meu lance no artefato cobj_7 é 4654
[companyD3] Could not finish intention: intention 273: 
    +task("Plumbing")[artifact_id(cobj_7),artifact_name(auction_for_Plumbing),percept_type(obs_prop),source(percept),workspace("/main",cobj_0)] <- ... bid(Bid)[artifact_id(Art)] / {Art=cobj_7, S="Plumbing", Bid=4654}
	Trigger: +task("Plumbing")[artifact_id(cobj_7),artifact_name(auction_for_Plumbing),code(bid(4654)[artifact_id(cobj_7)]),code_line(19),code_src("file:src/agt/companyD.asl"),error(action_failed),error_msg("Número máximo de lances atingido."),percept_type(obs_prop),source(percept),workspace("/main",cobj_0)]
[companyD4] Meu lance no artefato cobj_10 é 3595
[companyD10] Meu lance no artefato cobj_6 é 7459
[companyD9] Meu lance no artefato cobj_10 é 1840
[companyD1] Meu lance no artefato cobj_4 é 3868
[companyD4] Meu lance no artefato cobj_2 é 6289
[companyD6] Meu lance no artefato cobj_7 é 10568
[companyD5] Meu lance no artefato cobj_6 é 5429
[companyD5] Could not finish intention: intention 252: 
    +task("Plumbing")[artifact_id(cobj_6),artifact_name(auction_for_Plumbing),percept_type(obs_prop),source(percept),workspace("/main",cobj_0)] <- ... bid(Bid)[artifact_id(Art)] / {Art=cobj_6, S="Plumbing", Bid=5429}
	Trigger: +task("Plumbing")[artifact_id(cobj_6),artifact_name(auction_for_Plumbing),code(bid(5429)[artifact_id(cobj_6)]),code_line(19),code_src("file:src/agt/companyD.asl"),error(action_failed),error_msg("Número máximo de lances atingido."),percept_type(obs_prop),source(percept),workspace("/main",cobj_0)]
[companyD10] Meu lance no artefato cobj_5 é 1900
[companyD11] Meu lance no artefato cobj_6 é 4387
[companyD6] Meu lance no artefato cobj_8 é 6430
[companyD2] Meu lance no artefato cobj_8 é 7049
[companyD2] Could not finish intention: intention 259: 
    +task("Plumbing")[artifact_id(cobj_8),artifact_name(auction_for_Plumbing),percept_type(obs_prop),source(percept),workspace("/main",cobj_0)] <- ... bid(Bid)[artifact_id(Art)] / {Art=cobj_8, S="Plumbing", Bid=7049}
	Trigger: +task("Plumbing")[artifact_id(cobj_8),artifact_name(auction_for_Plumbing),code(bid(7049)[artifact_id(cobj_8)]),code_line(19),code_src("file:src/agt/companyD.asl"),error(action_failed),error_msg("Número máximo de lances atingido."),percept_type(obs_prop),source(percept),workspace("/main",cobj_0)]
[companyD1] Meu lance no artefato cobj_8 é 8713
[companyD1] Could not finish intention: intention 216: 
    +task("Plumbing")[artifact_id(cobj_8),artifact_name(auction_for_Plumbing),percept_type(obs_prop),source(percept),workspace("/main",cobj_0)] <- ... bid(Bid)[artifact_id(Art)] / {Art=cobj_8, S="Plumbing", Bid=8713}
	Trigger: +task("Plumbing")[artifact_id(cobj_8),artifact_name(auction_for_Plumbing),code(bid(8713)[artifact_id(cobj_8)]),code_line(19),code_src("file:src/agt/companyD.asl"),error(action_failed),error_msg("Número máximo de lances atingido."),percept_type(obs_prop),source(percept),workspace("/main",cobj_0)]
[companyD11] Meu lance no artefato cobj_10 é 4095
[companyD8] Meu lance no artefato cobj_8 é 3125
[companyD9] Meu lance no artefato cobj_4 é 5267
[companyD4] Meu lance no artefato cobj_3 é 4442
[companyD5] Meu lance no artefato cobj_4 é 4568
[companyD12] Meu lance no artefato cobj_8 é 3670
[companyD1] Meu lance no artefato cobj_10 é 9339
[companyD9] Meu lance no artefato cobj_8 é 3780
[companyD10] Meu lance no artefato cobj_2 é 8285
[companyD4] Meu lance no artefato cobj_9 é 5389
[companyD8] Meu lance no artefato cobj_6 é 10597
[companyD7] Meu lance no artefato cobj_6 é 6525
[companyD3] Meu lance no artefato cobj_8 é 2908
[companyD5] Meu lance no artefato cobj_5 é 5224
[companyD8] Meu lance no artefato cobj_3 é 4903
[companyD1] Meu lance no artefato cobj_9 é 10129
[companyD13] Meu lance no artefato cobj_6 é 8273
[companyD13] Meu lance no artefato cobj_4 é 8711
[companyD8] Meu lance no artefato cobj_7 é 5125
[companyD8] Could not finish intention: intention 206: 
    +task("Plumbing")[artifact_id(cobj_7),artifact_name(auction_for_Plumbing),percept_type(obs_prop),source(percept),workspace("/main",cobj_0)] <- ... bid(Bid)[artifact_id(Art)] / {Art=cobj_7, S="Plumbing", Bid=5125}
	Trigger: +task("Plumbing")[artifact_id(cobj_7),artifact_name(auction_for_Plumbing),code(bid(5125)[artifact_id(cobj_7)]),code_line(19),code_src("file:src/agt/companyD.asl"),error(action_failed),error_msg("Número máximo de lances atingido."),percept_type(obs_prop),source(percept),workspace("/main",cobj_0)]
[companyD1] Meu lance no artefato cobj_2 é 2306
[companyD10] Meu lance no artefato cobj_10 é 8038
[companyD13] Meu lance no artefato cobj_5 é 10072
[companyD10] Could not finish intention: intention 203: 
    +task("Plumbing")[artifact_id(cobj_10),artifact_name(auction_for_Plumbing),percept_type(obs_prop),source(percept),workspace("/main",cobj_0)] <- ... bid(Bid)[artifact_id(Art)] / {Art=cobj_10, S="Plumbing", Bid=8038}
	Trigger: +task("Plumbing")[artifact_id(cobj_10),artifact_name(auction_for_Plumbing),code(bid(8038)[artifact_id(cobj_10)]),code_line(19),code_src("file:src/agt/companyD.asl"),error(action_failed),error_msg("Número máximo de lances atingido."),percept_type(obs_prop),source(percept),workspace("/main",cobj_0)]
[companyD5] Meu lance no artefato cobj_2 é 6575
[companyD11] Meu lance no artefato cobj_3 é 2194
[companyD3] Meu lance no artefato cobj_9 é 3053
[companyD7] Meu lance no artefato cobj_4 é 6664
[companyD8] Meu lance no artefato cobj_10 é 5812
[companyD2] Meu lance no artefato cobj_3 é 6217
[companyD11] Meu lance no artefato cobj_2 é 9319
[companyD10] Meu lance no artefato cobj_8 é 10291
[companyD12] Meu lance no artefato cobj_7 é 5862
[companyD12] Could not finish intention: intention 231: 
    +task("Plumbing")[artifact_id(cobj_7),artifact_name(auction_for_Plumbing),percept_type(obs_prop),source(percept),workspace("/main",cobj_0)] <- ... bid(Bid)[artifact_id(Art)] / {Art=cobj_7, S="Plumbing", Bid=5862}
	Trigger: +task("Plumbing")[artifact_id(cobj_7),artifact_name(auction_for_Plumbing),code(bid(5862)[artifact_id(cobj_7)]),code_line(19),code_src("file:src/agt/companyD.asl"),error(action_failed),error_msg("Número máximo de lances atingido."),percept_type(obs_prop),source(percept),workspace("/main",cobj_0)]
[companyD3] Meu lance no artefato cobj_6 é 4842
[companyD4] Meu lance no artefato cobj_6 é 6741
[companyD7] Meu lance no artefato cobj_8 é 9587
[companyD12] Meu lance no artefato cobj_5 é 6751
[companyD3] Meu lance no artefato cobj_10 é 6231
[companyD5] Meu lance no artefato cobj_8 é 9320
[companyD12] Meu lance no artefato cobj_6 é 5008
[companyD13] Meu lance no artefato cobj_8 é 10793
[companyD2] Meu lance no artefato cobj_10 é 3970
[companyD3] Meu lance no artefato cobj_2 é 7057
[companyD9] Meu lance no artefato cobj_5 é 4516
[companyD8] Meu lance no artefato cobj_4 é 10683
[companyD4] Meu lance no artefato cobj_5 é 9929
[companyD6] Meu lance no artefato cobj_9 é 9961
[companyD12] Meu lance no artefato cobj_3 é 8048
[companyD8] Meu lance no artefato cobj_2 é 1192
[companyD6] Meu lance no artefato cobj_2 é 3939
[companyD7] Meu lance no artefato cobj_10 é 1956
[companyD3] Meu lance no artefato cobj_3 é 5092
[companyD7] Could not finish intention: intention 277: 
    +task("Plumbing")[artifact_id(cobj_10),artifact_name(auction_for_Plumbing),percept_type(obs_prop),source(percept),workspace("/main",cobj_0)] <- ... bid(Bid)[artifact_id(Art)] / {Art=cobj_10, S="Plumbing", Bid=1956}
	Trigger: +task("Plumbing")[artifact_id(cobj_10),artifact_name(auction_for_Plumbing),code(bid(1956)[artifact_id(cobj_10)]),code_line(19),code_src("file:src/agt/companyD.asl"),error(action_failed),error_msg("Número máximo de lances atingido."),percept_type(obs_prop),source(percept),workspace("/main",cobj_0)]
[companyD6] Meu lance no artefato cobj_6 é 2874
[companyD7] Meu lance no artefato cobj_2 é 6874
[companyD12] Meu lance no artefato cobj_9 é 3399
[companyD12] Meu lance no artefato cobj_4 é 3225
[companyD2] Meu lance no artefato cobj_9 é 6677
[companyD11] Meu lance no artefato cobj_4 é 4427
[companyD4] Meu lance no artefato cobj_7 é 2192
[companyD13] Meu lance no artefato cobj_7 é 10013
[companyD4] Could not finish intention: intention 233: 
    +task("Plumbing")[artifact_id(cobj_7),artifact_name(auction_for_Plumbing),percept_type(obs_prop),source(percept),workspace("/main",cobj_0)] <- ... bid(Bid)[artifact_id(Art)] / {Art=cobj_7, S="Plumbing", Bid=2192}
	Trigger: +task("Plumbing")[artifact_id(cobj_7),artifact_name(auction_for_Plumbing),code(bid(2192)[artifact_id(cobj_7)]),code_line(19),code_src("file:src/agt/companyD.asl"),error(action_failed),error_msg("Número máximo de lances atingido."),percept_type(obs_prop),source(percept),workspace("/main",cobj_0)]
[companyD2] Meu lance no artefato cobj_7 é 5286
[companyD11] Meu lance no artefato cobj_9 é 8429
[companyD6] Meu lance no artefato cobj_10 é 9266
[companyD6] Could not finish intention: intention 257: 
    +task("Plumbing")[artifact_id(cobj_10),artifact_name(auction_for_Plumbing),percept_type(obs_prop),source(percept),workspace("/main",cobj_0)] <- ... bid(Bid)[artifact_id(Art)] / {Art=cobj_10, S="Plumbing", Bid=9266}
	Trigger: +task("Plumbing")[artifact_id(cobj_10),artifact_name(auction_for_Plumbing),code(bid(9266)[artifact_id(cobj_10)]),code_line(19),code_src("file:src/agt/companyD.asl"),error(action_failed),error_msg("Número máximo de lances atingido."),percept_type(obs_prop),source(percept),workspace("/main",cobj_0)]
[companyD10] Meu lance no artefato cobj_7 é 8654
[companyD2] Meu lance no artefato cobj_6 é 1161
[companyD6] Meu lance no artefato cobj_4 é 7155
[companyD1] Meu lance no artefato cobj_7 é 5507
[companyD9] Meu lance no artefato cobj_9 é 7125
[companyD2] Meu lance no artefato cobj_4 é 9135
[companyD13] Meu lance no artefato cobj_10 é 5284
[companyD11] Meu lance no artefato cobj_8 é 4375
[companyD11] Could not finish intention: intention 209: 
    +task("Plumbing")[artifact_id(cobj_8),artifact_name(auction_for_Plumbing),percept_type(obs_prop),source(percept),workspace("/main",cobj_0)] <- ... bid(Bid)[artifact_id(Art)] / {Art=cobj_8, S="Plumbing", Bid=4375}
	Trigger: +task("Plumbing")[artifact_id(cobj_8),artifact_name(auction_for_Plumbing),code(bid(4375)[artifact_id(cobj_8)]),code_line(19),code_src("file:src/agt/companyD.asl"),error(action_failed),error_msg("Número máximo de lances atingido."),percept_type(obs_prop),source(percept),workspace("/main",cobj_0)]
[companyD12] Meu lance no artefato cobj_2 é 8467
[companyD3] Meu lance no artefato cobj_5 é 5845
[companyD7] Meu lance no artefato cobj_5 é 7530
[companyD6] Meu lance no artefato cobj_5 é 3646
[companyD4] Meu lance no artefato cobj_4 é 9553
[companyD9] Meu lance no artefato cobj_7 é 9754
[companyD10] Meu lance no artefato cobj_9 é 4820
[companyD1] Meu lance no artefato cobj_6 é 7091
[companyD5] Meu lance no artefato cobj_7 é 7560
[companyD13] Meu lance no artefato cobj_9 é 1893
[companyD13] Could not finish intention: intention 268: 
    +task("Plumbing")[artifact_id(cobj_9),artifact_name(auction_for_Plumbing),percept_type(obs_prop),source(percept),workspace("/main",cobj_0)] <- ... bid(Bid)[artifact_id(Art)] / {Art=cobj_9, S="Plumbing", Bid=1893}
	Trigger: +task("Plumbing")[artifact_id(cobj_9),artifact_name(auction_for_Plumbing),code(bid(1893)[artifact_id(cobj_9)]),code_line(19),code_src("file:src/agt/companyD.asl"),error(action_failed),error_msg("Número máximo de lances atingido."),percept_type(obs_prop),source(percept),workspace("/main",cobj_0)]
[companyD5] Meu lance no artefato cobj_10 é 4468
[companyD5] Meu lance no artefato cobj_9 é 10642
